<?xml version="1.0" encoding="utf-8"?><testsuites name="pytest tests"><testsuite name="pytest" errors="0" failures="0" skipped="0" tests="18" time="22.251" timestamp="2026-06-02T20:31:49.850191+00:00" hostname="agent-env-502cbf0c-cceb-4ecf-b8cd-ade4bbd89c7b"><testcase classname="tests.test_cache_invalidation_regression.TestTenantSettings" name="test_settings_shape_keys" time="0.755" /><testcase classname="tests.test_cache_invalidation_regression.TestTenantSettings" name="test_put_settings_invalidates_cache" time="0.497" /><testcase classname="tests.test_cache_invalidation_regression.TestTenantSettings" name="test_upload_logo_invalidates_cache" time="0.375" /><testcase classname="tests.test_cache_invalidation_regression.TestVehiclesCacheInvalidation" name="test_vehicles_list_shape" time="0.123" /><testcase classname="tests.test_cache_invalidation_regression.TestVehiclesCacheInvalidation" name="test_create_invalidates_then_update_then_delete" time="1.427" /><testcase classname="tests.test_cache_invalidation_regression.TestLocationsCacheInvalidation" name="test_locations_list_shape" time="0.114" /><testcase classname="tests.test_cache_invalidation_regression.TestLocationsCacheInvalidation" name="test_locations_crud_invalidation" time="0.840" /><testcase classname="tests.test_cache_invalidation_regression.TestBookingsDateFilter" name="test_only_from" time="0.121" /><testcase classname="tests.test_cache_invalidation_regression.TestBookingsDateFilter" name="test_only_to" time="0.142" /><testcase classname="tests.test_cache_invalidation_regression.TestBookingsDateFilter" name="test_from_to_window" time="0.129" /><testcase classname="tests.test_cache_invalidation_regression.TestBookingsDateFilter" name="test_date_window_with_status_filter" time="0.138" /><testcase classname="tests.test_cache_invalidation_regression.TestBookingsDateFilter" name="test_no_filter_returns_list" time="0.117" /><testcase classname="tests.test_cache_and_filters" name="test_tenant_settings_cache_hit" time="0.755" /><testcase classname="tests.test_cache_and_filters" name="test_tenant_settings_cache_invalidated_on_put" time="0.630" /><testcase classname="tests.test_cache_and_filters" name="test_vehicles_cache_response_stable" time="10.256" /><testcase classname="tests.test_cache_and_filters" name="test_locations_cache_response_stable" time="5.396" /><testcase classname="tests.test_cache_and_filters" name="test_bookings_date_window_filter" time="0.226" /><testcase classname="tests.test_cache_and_filters" name="test_bookings_aliased_query_params_dont_collide" time="0.122" /></testsuite></testsuites>