<?xml version="1.0" encoding="utf-8"?><testsuites name="pytest tests"><testsuite name="pytest" errors="0" failures="1" skipped="0" tests="12" time="3.855" timestamp="2026-06-02T20:31:32.717196+00:00" hostname="agent-env-502cbf0c-cceb-4ecf-b8cd-ade4bbd89c7b"><testcase classname="tests.test_cache_invalidation_regression.TestTenantSettings" name="test_settings_shape_keys" time="0.618" /><testcase classname="tests.test_cache_invalidation_regression.TestTenantSettings" name="test_put_settings_invalidates_cache" time="0.507" /><testcase classname="tests.test_cache_invalidation_regression.TestTenantSettings" name="test_upload_logo_invalidates_cache" time="0.358" /><testcase classname="tests.test_cache_invalidation_regression.TestVehiclesCacheInvalidation" name="test_vehicles_list_shape" time="0.124" /><testcase classname="tests.test_cache_invalidation_regression.TestVehiclesCacheInvalidation" name="test_create_invalidates_then_update_then_delete" time="0.607"><failure message="AssertionError: assert ({'base_location': None, 'created_at': '2026-06-02T20:31:34.600688+00:00', 'current_mileage': None, 'current_status': 'Free', ...} is not None and None == 'Model Y')&#10; +  where None = &lt;built-in method get of dict object at 0xffa923ae99c0&gt;('model')&#10; +    where &lt;built-in method get of dict object at 0xffa923ae99c0&gt; = {'base_location': None, 'created_at': '2026-06-02T20:31:34.600688+00:00', 'current_mileage': None, 'current_status': 'Free', ...}.get">tests/test_cache_invalidation_regression.py:135: in test_create_invalidates_then_update_then_delete
    assert target is not None and target.get("model") == "Model Y"
E   AssertionError: assert ({'base_location': None, 'created_at': '2026-06-02T20:31:34.600688+00:00', 'current_mileage': None, 'current_status': 'Free', ...} is not None and None == 'Model Y')
E    +  where None = &lt;built-in method get of dict object at 0xffa923ae99c0&gt;('model')
E    +    where &lt;built-in method get of dict object at 0xffa923ae99c0&gt; = {'base_location': None, 'created_at': '2026-06-02T20:31:34.600688+00:00', 'current_mileage': None, 'current_status': 'Free', ...}.get</failure></testcase><testcase classname="tests.test_cache_invalidation_regression.TestLocationsCacheInvalidation" name="test_locations_list_shape" time="0.113" /><testcase classname="tests.test_cache_invalidation_regression.TestLocationsCacheInvalidation" name="test_locations_crud_invalidation" time="0.821" /><testcase classname="tests.test_cache_invalidation_regression.TestBookingsDateFilter" name="test_only_from" time="0.113" /><testcase classname="tests.test_cache_invalidation_regression.TestBookingsDateFilter" name="test_only_to" time="0.121" /><testcase classname="tests.test_cache_invalidation_regression.TestBookingsDateFilter" name="test_from_to_window" time="0.126" /><testcase classname="tests.test_cache_invalidation_regression.TestBookingsDateFilter" name="test_date_window_with_status_filter" time="0.138" /><testcase classname="tests.test_cache_invalidation_regression.TestBookingsDateFilter" name="test_no_filter_returns_list" time="0.118" /></testsuite></testsuites>