<?xml version="1.0" encoding="utf-8"?><testsuites name="pytest tests"><testsuite name="pytest" errors="0" failures="0" skipped="0" tests="6" time="2.552" timestamp="2026-06-02T20:29:56.862797+00:00" hostname="agent-env-502cbf0c-cceb-4ecf-b8cd-ade4bbd89c7b"><testcase classname="tests.test_cache_and_filters" name="test_tenant_settings_cache_hit" time="0.907" /><testcase classname="tests.test_cache_and_filters" name="test_tenant_settings_cache_invalidated_on_put" time="0.722" /><testcase classname="tests.test_cache_and_filters" name="test_vehicles_cache_response_stable" time="0.230" /><testcase classname="tests.test_cache_and_filters" name="test_locations_cache_response_stable" time="0.234" /><testcase classname="tests.test_cache_and_filters" name="test_bookings_date_window_filter" time="0.283" /><testcase classname="tests.test_cache_and_filters" name="test_bookings_aliased_query_params_dont_collide" time="0.133" /></testsuite></testsuites>