<?xml version="1.0" encoding="utf-8"?><testsuites name="pytest tests"><testsuite name="pytest" errors="0" failures="0" skipped="0" tests="8" time="2.307" timestamp="2026-07-21T09:34:51.166172+00:00" hostname="agent-env-502cbf0c-cceb-4ecf-b8cd-ade4bbd89c7b"><testcase classname="backend.tests.test_demo_regenerate_and_list" name="test_create_demo_custom_plan_shape" time="0.555" /><testcase classname="backend.tests.test_demo_regenerate_and_list" name="test_list_tenants_includes_magic_link_for_demo" time="0.483" /><testcase classname="backend.tests.test_demo_regenerate_and_list" name="test_regenerate_returns_new_token" time="0.108" /><testcase classname="backend.tests.test_demo_regenerate_and_list" name="test_old_token_revoked_after_regenerate" time="0.129" /><testcase classname="backend.tests.test_demo_regenerate_and_list" name="test_new_token_redeems_ok" time="0.100" /><testcase classname="backend.tests.test_demo_regenerate_and_list" name="test_regenerate_on_real_tenant_rejected" time="0.097" /><testcase classname="backend.tests.test_demo_regenerate_and_list" name="test_list_demo_null_when_all_revoked" time="0.469" /><testcase classname="backend.tests.test_demo_regenerate_and_list" name="test_regenerate_unknown_tenant_404" time="0.301" /></testsuite></testsuites>