<?xml version="1.0" encoding="utf-8"?><testsuites name="pytest tests"><testsuite name="pytest" errors="0" failures="0" skipped="1" tests="17" time="4.325" timestamp="2026-07-21T10:09:22.913636+00:00" hostname="agent-env-502cbf0c-cceb-4ecf-b8cd-ade4bbd89c7b"><testcase classname="backend.tests.test_demo_magic_link" name="test_legacy_demo_tenant_removed" time="0.515" /><testcase classname="backend.tests.test_demo_magic_link" name="test_create_real_tenant_returns_master_admin" time="0.433" /><testcase classname="backend.tests.test_demo_magic_link" name="test_demo_tenant_response_shape" time="0.105" /><testcase classname="backend.tests.test_demo_magic_link" name="test_demo_redeem_no_auth_required" time="0.101" /><testcase classname="backend.tests.test_demo_magic_link" name="test_demo_tenant_is_blank" time="0.312" /><testcase classname="backend.tests.test_demo_magic_link" name="test_demo_user_password_login_blocked" time="0.103" /><testcase classname="backend.tests.test_demo_magic_link" name="test_demo_slug_conflict_free" time="0.184"><skipped type="pytest.skip" message="slug 'demo' already exists in this env">/app/backend/tests/test_demo_magic_link.py:170: slug 'demo' already exists in this env</skipped></testcase><testcase classname="backend.tests.test_demo_magic_link" name="test_demo_token_revocation" time="0.205" /><testcase classname="backend.tests.test_demo_magic_link" name="test_demo_redeem_invalid_token" time="0.198" /><testcase classname="backend.tests.test_demo_regenerate_and_list" name="test_create_demo_custom_plan_shape" time="0.423" /><testcase classname="backend.tests.test_demo_regenerate_and_list" name="test_list_tenants_includes_magic_link_for_demo" time="0.500" /><testcase classname="backend.tests.test_demo_regenerate_and_list" name="test_regenerate_returns_new_token" time="0.107" /><testcase classname="backend.tests.test_demo_regenerate_and_list" name="test_old_token_revoked_after_regenerate" time="0.098" /><testcase classname="backend.tests.test_demo_regenerate_and_list" name="test_new_token_redeems_ok" time="0.096" /><testcase classname="backend.tests.test_demo_regenerate_and_list" name="test_regenerate_on_real_tenant_rejected" time="0.109" /><testcase classname="backend.tests.test_demo_regenerate_and_list" name="test_list_demo_null_when_all_revoked" time="0.464" /><testcase classname="backend.tests.test_demo_regenerate_and_list" name="test_regenerate_unknown_tenant_404" time="0.306" /></testsuite></testsuites>