<?xml version="1.0" encoding="utf-8"?><testsuites name="pytest tests"><testsuite name="pytest" errors="0" failures="0" skipped="0" tests="9" time="6.250" timestamp="2026-07-21T08:54:13.089094+00:00" hostname="agent-env-502cbf0c-cceb-4ecf-b8cd-ade4bbd89c7b"><testcase classname="backend.tests.test_demo_magic_link" name="test_legacy_demo_tenant_removed" time="4.255" /><testcase classname="backend.tests.test_demo_magic_link" name="test_create_real_tenant_returns_master_admin" time="0.498" /><testcase classname="backend.tests.test_demo_magic_link" name="test_demo_tenant_response_shape" time="0.110" /><testcase classname="backend.tests.test_demo_magic_link" name="test_demo_redeem_no_auth_required" time="0.102" /><testcase classname="backend.tests.test_demo_magic_link" name="test_demo_tenant_is_blank" time="0.352" /><testcase classname="backend.tests.test_demo_magic_link" name="test_demo_user_password_login_blocked" time="0.101" /><testcase classname="backend.tests.test_demo_magic_link" name="test_demo_slug_conflict_free" time="0.347" /><testcase classname="backend.tests.test_demo_magic_link" name="test_demo_token_revocation" time="0.200" /><testcase classname="backend.tests.test_demo_magic_link" name="test_demo_redeem_invalid_token" time="0.223" /></testsuite></testsuites>