<?xml version="1.0" encoding="utf-8"?><testsuites name="pytest tests"><testsuite name="pytest" errors="0" failures="0" skipped="1" tests="28" time="6.405" timestamp="2026-07-26T10:52:46.658815+00:00" hostname="agent-env-502cbf0c-cceb-4ecf-b8cd-ade4bbd89c7b"><testcase classname="backend.tests.test_demo_magic_link" name="test_legacy_demo_tenant_removed" time="0.521" /><testcase classname="backend.tests.test_demo_magic_link" name="test_create_real_tenant_returns_master_admin" time="0.441" /><testcase classname="backend.tests.test_demo_magic_link" name="test_demo_tenant_response_shape" time="0.112" /><testcase classname="backend.tests.test_demo_magic_link" name="test_demo_redeem_no_auth_required" time="0.095" /><testcase classname="backend.tests.test_demo_magic_link" name="test_demo_tenant_is_blank" time="0.317" /><testcase classname="backend.tests.test_demo_magic_link" name="test_demo_user_password_login_blocked" time="0.093" /><testcase classname="backend.tests.test_demo_magic_link" name="test_demo_slug_conflict_free" time="0.153"><skipped type="pytest.skip" message="slug 'demo' already exists in this env">/app/backend/tests/test_demo_magic_link.py:170: slug 'demo' already exists in this env</skipped></testcase><testcase classname="backend.tests.test_demo_magic_link" name="test_demo_token_revocation" time="0.201" /><testcase classname="backend.tests.test_demo_magic_link" name="test_demo_redeem_invalid_token" time="0.197" /><testcase classname="backend.tests.test_demo_regenerate_and_list" name="test_create_demo_custom_plan_shape" time="0.443" /><testcase classname="backend.tests.test_demo_regenerate_and_list" name="test_list_tenants_includes_magic_link_for_demo" time="0.484" /><testcase classname="backend.tests.test_demo_regenerate_and_list" name="test_regenerate_returns_new_token" time="0.102" /><testcase classname="backend.tests.test_demo_regenerate_and_list" name="test_old_token_revoked_after_regenerate" time="0.096" /><testcase classname="backend.tests.test_demo_regenerate_and_list" name="test_new_token_redeems_ok" time="0.105" /><testcase classname="backend.tests.test_demo_regenerate_and_list" name="test_regenerate_on_real_tenant_rejected" time="0.133" /><testcase classname="backend.tests.test_demo_regenerate_and_list" name="test_list_demo_null_when_all_revoked" time="0.495" /><testcase classname="backend.tests.test_demo_regenerate_and_list" name="test_regenerate_unknown_tenant_404" time="0.300" /><testcase classname="backend.tests.test_demo_url_host_derivation" name="test_create_demo_url_uses_current_preview_host_public" time="0.418" /><testcase classname="backend.tests.test_demo_url_host_derivation" name="test_list_tenants_urls_use_current_preview_host_public" time="0.168" /><testcase classname="backend.tests.test_demo_url_host_derivation" name="test_list_demo_tokens_urls_use_preview_host_public" time="0.103" /><testcase classname="backend.tests.test_demo_url_host_derivation" name="test_regenerate_uses_preview_host_public" time="0.226" /><testcase classname="backend.tests.test_demo_url_host_derivation" name="test_create_demo_honours_x_forwarded_host_internal" time="0.239" /><testcase classname="backend.tests.test_demo_url_host_derivation" name="test_create_demo_falls_back_to_host_header_internal" time="0.005" /><testcase classname="backend.tests.test_demo_url_host_derivation" name="test_list_tenants_honours_x_forwarded_host_internal" time="0.101" /><testcase classname="backend.tests.test_demo_url_host_derivation" name="test_regenerate_honours_x_forwarded_host_internal" time="0.007" /><testcase classname="backend.tests.test_demo_url_host_derivation" name="test_list_demo_tokens_honours_x_forwarded_host_internal" time="0.004" /><testcase classname="backend.tests.test_demo_url_host_derivation" name="test_magic_link_url_is_functional_e2e" time="0.199" /><testcase classname="backend.tests.test_demo_url_host_derivation" name="test_real_tenant_creation_unaffected" time="0.573" /></testsuite></testsuites>