<?xml version="1.0" encoding="utf-8"?><testsuites name="pytest tests"><testsuite name="pytest" errors="0" failures="0" skipped="0" tests="11" time="2.152" timestamp="2026-07-21T10:09:13.590583+00:00" hostname="agent-env-502cbf0c-cceb-4ecf-b8cd-ade4bbd89c7b"><testcase classname="backend.tests.test_demo_url_host_derivation" name="test_create_demo_url_uses_current_preview_host_public" time="0.570" /><testcase classname="backend.tests.test_demo_url_host_derivation" name="test_list_tenants_urls_use_current_preview_host_public" time="0.137" /><testcase classname="backend.tests.test_demo_url_host_derivation" name="test_list_demo_tokens_urls_use_preview_host_public" time="0.101" /><testcase classname="backend.tests.test_demo_url_host_derivation" name="test_regenerate_uses_preview_host_public" time="0.210" /><testcase classname="backend.tests.test_demo_url_host_derivation" name="test_create_demo_honours_x_forwarded_host_internal" time="0.234" /><testcase classname="backend.tests.test_demo_url_host_derivation" name="test_create_demo_falls_back_to_host_header_internal" time="0.004" /><testcase classname="backend.tests.test_demo_url_host_derivation" name="test_list_tenants_honours_x_forwarded_host_internal" time="0.051" /><testcase classname="backend.tests.test_demo_url_host_derivation" name="test_regenerate_honours_x_forwarded_host_internal" time="0.008" /><testcase classname="backend.tests.test_demo_url_host_derivation" name="test_list_demo_tokens_honours_x_forwarded_host_internal" time="0.004" /><testcase classname="backend.tests.test_demo_url_host_derivation" name="test_magic_link_url_is_functional_e2e" time="0.205" /><testcase classname="backend.tests.test_demo_url_host_derivation" name="test_real_tenant_creation_unaffected" time="0.564" /></testsuite></testsuites>