<?xml version="1.0" encoding="utf-8"?><testsuites name="pytest tests"><testsuite name="pytest" errors="0" failures="0" skipped="1" tests="5" time="3.715" timestamp="2026-07-26T19:23:30.207690+00:00" hostname="agent-env-502cbf0c-cceb-4ecf-b8cd-ade4bbd89c7b"><testcase classname="backend.tests.test_resend_invitation_activation_url.TestResendInvitationResponse" name="test_response_schema_and_activation_url" time="1.701" /><testcase classname="backend.tests.test_resend_invitation_activation_url.TestResendInvitationResponse" name="test_activation_token_persisted_and_unused" time="0.131"><skipped type="pytest.skip" message="no public introspection endpoint for activation token">/app/backend/tests/test_resend_invitation_activation_url.py:152: no public introspection endpoint for activation token</skipped></testcase><testcase classname="backend.tests.test_resend_invitation_activation_url.TestResendInvitationResponse" name="test_password_reset_to_default" time="0.834" /><testcase classname="backend.tests.test_resend_invitation_activation_url.TestResendInvitationAuthorization" name="test_cross_tenant_returns_404" time="0.423" /><testcase classname="backend.tests.test_resend_invitation_activation_url.TestResendInvitationAuthorization" name="test_staff_role_forbidden" time="0.560" /></testsuite></testsuites>