<?xml version="1.0" encoding="utf-8"?><testsuites name="pytest tests"><testsuite name="pytest" errors="0" failures="0" skipped="0" tests="9" time="2.337" timestamp="2026-07-26T15:34:03.828118+00:00" hostname="agent-env-502cbf0c-cceb-4ecf-b8cd-ade4bbd89c7b"><testcase classname="tests.test_journey_playback.TestHistoryEndpointShape" name="test_history_response_shape" time="0.719" /><testcase classname="tests.test_journey_playback.TestHistoryEndpointShape" name="test_history_empty_date_returns_empty_trips" time="0.116" /><testcase classname="tests.test_journey_playback.TestSeedDemoEndpoint" name="test_seed_returns_ok" time="0.115" /><testcase classname="tests.test_journey_playback.TestSeedDemoEndpoint" name="test_seed_idempotent" time="0.114" /><testcase classname="tests.test_journey_playback.TestSeedDemoEndpoint" name="test_seed_404_on_non_demo_car" time="0.104" /><testcase classname="tests.test_journey_playback.TestTenantIsolation" name="test_cross_tenant_history_returns_404" time="0.439" /><testcase classname="tests.test_journey_playback.TestTripGrouping" name="test_gap_over_3min_creates_new_trip" time="0.313" /><testcase classname="tests.test_journey_playback.TestTripGrouping" name="test_gap_under_3min_stays_single_trip" time="0.119" /><testcase classname="tests.test_journey_playback.TestTripGrouping" name="test_stationary_trip_dropped" time="0.234" /></testsuite></testsuites>