<?xml version="1.0" encoding="utf-8"?><testsuites name="pytest tests"><testsuite name="pytest" errors="0" failures="0" skipped="0" tests="23" time="13.544" timestamp="2026-07-26T14:47:08.317842+00:00" hostname="agent-env-502cbf0c-cceb-4ecf-b8cd-ade4bbd89c7b"><testcase classname="tests.test_gps_demo_phase3.TestSecurityNoRealImei" name="test_no_real_imei_in_source" time="0.017" /><testcase classname="tests.test_gps_demo_phase3.TestSecurityNoRealImei" name="test_no_real_imei_in_db" time="0.079" /><testcase classname="tests.test_gps_demo_phase3.TestGpsDemoSimulator" name="test_is_demo_imei" time="0.001" /><testcase classname="tests.test_gps_demo_phase3.TestGpsDemoSimulator" name="test_simulate_first_call_returns_valid_pos" time="0.000" /><testcase classname="tests.test_gps_demo_phase3.TestGpsDemoSimulator" name="test_simulate_advances" time="0.000" /><testcase classname="tests.test_gps_demo_phase3.TestGpsDemoSimulator" name="test_deterministic_city_assignment" time="0.000" /><testcase classname="tests.test_gps_demo_phase3.TestTrackerRegistration" name="test_register_demo_no_sinotrack_call" time="4.617" /><testcase classname="tests.test_gps_demo_phase3.TestTrackerRegistration" name="test_demo_imei_too_short" time="0.108" /><testcase classname="tests.test_gps_demo_phase3.TestTrackerRegistration" name="test_demo_imei_too_long" time="0.109" /><testcase classname="tests.test_gps_demo_phase3.TestTrackerRegistration" name="test_real_imei_still_requires_digits" time="0.115" /><testcase classname="tests.test_gps_demo_phase3.TestTrackerRegistration" name="test_real_imei_length_bounds" time="0.107" /><testcase classname="tests.test_gps_demo_phase3.TestPollerDemoIntegration" name="test_poller_routes_demo_no_httpx" time="0.722" /><testcase classname="tests.test_gps_demo_phase3.TestTenantIsolation" name="test_demo_tracker_not_visible_to_other_tenant" time="1.083" /><testcase classname="tests.test_gps_demo_phase3.TestMovingOnlyHistory" name="test_history_only_when_moving" time="0.230" /><testcase classname="tests.test_gps_settings_phase1.TestCreateTenantGpsFlag" name="test_gps_enabled_omitted_defaults_false" time="0.785" /><testcase classname="tests.test_gps_settings_phase1.TestCreateTenantGpsFlag" name="test_gps_enabled_true_seeds_defaults" time="0.339" /><testcase classname="tests.test_gps_settings_phase1.TestTenantSettingsGpsBlock" name="test_get_settings_default_gps_block" time="0.552" /><testcase classname="tests.test_gps_settings_phase1.TestUpdateGpsSettings" name="test_enable_seeds_defaults" time="0.657" /><testcase classname="tests.test_gps_settings_phase1.TestUpdateGpsSettings" name="test_partial_update_without_toggling" time="0.557" /><testcase classname="tests.test_gps_settings_phase1.TestUpdateGpsSettings" name="test_disable_retains_overrides" time="0.560" /><testcase classname="tests.test_gps_settings_phase1.TestUpdateGpsSettings" name="test_clamping_low" time="0.569" /><testcase classname="tests.test_gps_settings_phase1.TestUpdateGpsSettings" name="test_clamping_high" time="0.544" /><testcase classname="tests.test_gps_settings_phase1.TestAdminOnly" name="test_staff_gets_403" time="1.698" /></testsuite></testsuites>