<?xml version="1.0" encoding="utf-8"?><testsuites name="pytest tests"><testsuite name="pytest" errors="0" failures="0" skipped="0" tests="14" time="3.365" timestamp="2026-07-26T17:25:19.723538+00:00" hostname="agent-env-502cbf0c-cceb-4ecf-b8cd-ade4bbd89c7b"><testcase classname="tests.test_phase6_behaviour_telemetry.TestFleetTelemetry" name="test_telemetry_returns_two_cars" time="0.687" /><testcase classname="tests.test_phase6_behaviour_telemetry.TestFleetTelemetry" name="test_connection_status_transitions" time="0.463" /><testcase classname="tests.test_phase6_behaviour_telemetry.TestFleetTelemetry" name="test_geocode_dublin_and_cache" time="0.333" /><testcase classname="tests.test_phase6_behaviour_telemetry.TestBehaviourEvents" name="test_list_returns_seeded_events" time="0.107" /><testcase classname="tests.test_phase6_behaviour_telemetry.TestBehaviourEvents" name="test_filter_by_type_harsh_braking" time="0.141" /><testcase classname="tests.test_phase6_behaviour_telemetry.TestBehaviourEvents" name="test_filter_by_car_ford" time="0.144" /><testcase classname="tests.test_phase6_behaviour_telemetry.TestBehaviourEvents" name="test_filter_by_staff_alice" time="0.218" /><testcase classname="tests.test_phase6_behaviour_telemetry.TestBehaviourEvents" name="test_filter_by_date_range" time="0.103" /><testcase classname="tests.test_phase6_behaviour_telemetry.TestBehaviourEvents" name="test_filter_invalid_type_rejected" time="0.115" /><testcase classname="tests.test_phase6_behaviour_telemetry.TestBehaviourSummary" name="test_summary_totals" time="0.106" /><testcase classname="tests.test_phase6_behaviour_telemetry.TestTenantIsolation" name="test_other_tenant_cannot_see_test_fleet_events" time="0.744" /><testcase classname="tests.test_phase6_behaviour_telemetry.TestTenantIsolation" name="test_filter_to_other_tenant_car_returns_empty" time="0.106" /><testcase classname="tests.test_phase6_behaviour_telemetry.TestBehaviourServiceFunction" name="test_detect_harsh_braking_creates_event" time="0.008" /><testcase classname="tests.test_phase6_behaviour_telemetry.TestBehaviourServiceFunction" name="test_detect_harsh_braking_ignored_when_prev_too_slow" time="0.003" /></testsuite></testsuites>