<?xml version="1.0" encoding="utf-8"?><testsuites name="pytest tests"><testsuite name="pytest" errors="0" failures="0" skipped="0" tests="14" time="5.991" timestamp="2026-07-26T16:15:13.719417+00:00" hostname="agent-env-502cbf0c-cceb-4ecf-b8cd-ade4bbd89c7b"><testcase classname="tests.test_phase5_alerts_geofence.TestListAlerts" name="test_list_returns_shape_and_counts" time="1.661" /><testcase classname="tests.test_phase5_alerts_geofence.TestListAlerts" name="test_list_sorted_critical_first" time="0.129" /><testcase classname="tests.test_phase5_alerts_geofence.TestListAlerts" name="test_list_default_hides_acked" time="0.448" /><testcase classname="tests.test_phase5_alerts_geofence.TestCount" name="test_count_matches_seed" time="0.201" /><testcase classname="tests.test_phase5_alerts_geofence.TestAckSingle" name="test_ack_single_only_own_tenant" time="0.625" /><testcase classname="tests.test_phase5_alerts_geofence.TestBulkAck" name="test_bulk_ack_by_type" time="0.287" /><testcase classname="tests.test_phase5_alerts_geofence.TestBulkAck" name="test_bulk_ack_all" time="0.232" /><testcase classname="tests.test_phase5_alerts_geofence.TestBulkAck" name="test_bulk_ack_unknown_type" time="0.115" /><testcase classname="tests.test_phase5_alerts_geofence.TestBulkAck" name="test_bulk_ack_only_own_tenant" time="0.246" /><testcase classname="tests.test_phase5_alerts_geofence.TestTenantIsolation" name="test_tenant_b_sees_none_of_a" time="0.361" /><testcase classname="tests.test_phase5_alerts_geofence.TestGeofence" name="test_set_and_clear_geofence" time="1.249" /><testcase classname="tests.test_phase5_alerts_geofence.TestGeofence" name="test_partial_geofence_rejected" time="0.157" /><testcase classname="tests.test_phase5_alerts_geofence.TestGeofence" name="test_radius_out_of_range" time="0.111" /><testcase classname="tests.test_phase5_alerts_geofence.TestGeofence" name="test_cross_tenant_returns_404" time="0.112" /></testsuite></testsuites>