<?xml version="1.0" encoding="utf-8"?><testsuites name="pytest tests"><testsuite name="pytest" errors="0" failures="0" skipped="0" tests="15" time="2.391" timestamp="2026-03-04T08:12:35.106054+00:00" hostname="agent-env-dbcbb655-c204-4308-b2cb-e7bd3aebcebd"><testcase classname="backend.tests.test_new_features.TestAPIHealth" name="test_api_root_accessible" time="0.171" /><testcase classname="backend.tests.test_new_features.TestAuthentication" name="test_admin_login_success" time="0.283" /><testcase classname="backend.tests.test_new_features.TestAuthentication" name="test_staff_login_success" time="0.279" /><testcase classname="backend.tests.test_new_features.TestVehiclesAPI" name="test_get_vehicles_requires_auth" time="0.099" /><testcase classname="backend.tests.test_new_features.TestVehiclesAPI" name="test_get_vehicles_as_admin" time="0.340" /><testcase classname="backend.tests.test_new_features.TestVehiclesAPI" name="test_get_vehicles_as_staff" time="0.334" /><testcase classname="backend.tests.test_new_features.TestBookingsAPI" name="test_get_bookings_requires_auth" time="0.143" /><testcase classname="backend.tests.test_new_features.TestBookingsAPI" name="test_get_bookings_as_admin" time="0.051" /><testcase classname="backend.tests.test_new_features.TestBookingsAPI" name="test_get_bookings_as_staff" time="0.055" /><testcase classname="backend.tests.test_new_features.TestBookingsAPI" name="test_create_booking_with_recurring_flag" time="0.177" /><testcase classname="backend.tests.test_new_features.TestLiftRequestsAPI" name="test_get_lift_requests_as_staff" time="0.066" /><testcase classname="backend.tests.test_new_features.TestLiftRequestsAPI" name="test_create_lift_request_as_staff" time="0.106" /><testcase classname="backend.tests.test_new_features.TestTenantUsersAPI" name="test_get_tenant_users_accessible_to_all_members" time="0.110" /><testcase classname="backend.tests.test_new_features.TestFleetStatusData" name="test_fleet_status_data_structure" time="0.055" /><testcase classname="backend.tests.test_new_features.TestCalendarDataStructure" name="test_booking_has_calendar_fields" time="0.053" /></testsuite></testsuites>