<?xml version="1.0" encoding="utf-8"?><testsuites name="pytest tests"><testsuite name="pytest" errors="0" failures="0" skipped="0" tests="20" time="5.027" timestamp="2026-03-04T09:27:43.197340+00:00" hostname="agent-env-dbcbb655-c204-4308-b2cb-e7bd3aebcebd"><testcase classname="backend.tests.test_fleet_reports_and_block.TestAuthentication" name="test_admin_login" time="0.474" /><testcase classname="backend.tests.test_fleet_reports_and_block.TestFleetReports" name="test_fleet_reports_endpoint" time="0.447" /><testcase classname="backend.tests.test_fleet_reports_and_block.TestFleetReports" name="test_fleet_reports_with_date_filter" time="0.125" /><testcase classname="backend.tests.test_fleet_reports_and_block.TestFleetReports" name="test_fleet_reports_csv_export" time="0.120" /><testcase classname="backend.tests.test_fleet_reports_and_block.TestFleetReports" name="test_fleet_reports_requires_auth" time="0.103" /><testcase classname="backend.tests.test_fleet_reports_and_block.TestBlockUnblockVehicle" name="test_block_vehicle_for_service" time="0.540" /><testcase classname="backend.tests.test_fleet_reports_and_block.TestBlockUnblockVehicle" name="test_block_already_blocked_vehicle" time="0.107" /><testcase classname="backend.tests.test_fleet_reports_and_block.TestBlockUnblockVehicle" name="test_unblock_vehicle" time="0.106" /><testcase classname="backend.tests.test_fleet_reports_and_block.TestBlockUnblockVehicle" name="test_unblock_not_blocked_vehicle" time="0.105" /><testcase classname="backend.tests.test_fleet_reports_and_block.TestBlockUnblockVehicle" name="test_block_vehicle_for_cleaning" time="0.209" /><testcase classname="backend.tests.test_fleet_reports_and_block.TestBlockUnblockVehicle" name="test_block_vehicle_for_other" time="0.220" /><testcase classname="backend.tests.test_fleet_reports_and_block.TestBlockUnblockVehicle" name="test_block_requires_admin" time="0.108" /><testcase classname="backend.tests.test_fleet_reports_and_block.TestBlockUnblockVehicle" name="test_block_invalid_vehicle" time="0.135" /><testcase classname="backend.tests.test_fleet_reports_and_block.TestServiceAlert" name="test_service_alert_warning" time="0.446" /><testcase classname="backend.tests.test_fleet_reports_and_block.TestServiceAlert" name="test_service_alert_urgent" time="0.120" /><testcase classname="backend.tests.test_fleet_reports_and_block.TestServiceAlert" name="test_service_alert_overdue" time="0.104" /><testcase classname="backend.tests.test_fleet_reports_and_block.TestServiceAlert" name="test_no_service_alert_when_far_from_due" time="0.110" /><testcase classname="backend.tests.test_fleet_reports_and_block.TestServiceAlert" name="test_reset_vehicle_mileage" time="0.111" /><testcase classname="backend.tests.test_fleet_reports_and_block.TestVehicleDetails" name="test_vehicle_has_all_fields" time="0.464" /><testcase classname="backend.tests.test_fleet_reports_and_block.TestBlockedVehicleInReports" name="test_blocked_vehicle_counted_in_reports" time="0.640" /></testsuite></testsuites>