<?xml version="1.0" encoding="utf-8"?><testsuites name="pytest tests"><testsuite name="pytest" errors="0" failures="0" skipped="0" tests="27" time="17.245" timestamp="2026-03-19T00:25:39.919692+00:00" hostname="agent-env-2a193c51-b038-4811-add8-b4e05da42e86"><testcase classname="tests.test_content_worker.TestContentWorkerAuth" name="test_super_admin_login" time="1.064" /><testcase classname="tests.test_content_worker.TestContentWorkerAuth" name="test_content_worker_requires_super_admin" time="0.536" /><testcase classname="tests.test_content_worker.TestContentWorkerStats" name="test_get_content_stats" time="0.451" /><testcase classname="tests.test_content_worker.TestContentIdeas" name="test_create_content_idea" time="0.449" /><testcase classname="tests.test_content_worker.TestContentIdeas" name="test_get_content_ideas" time="0.468" /><testcase classname="tests.test_content_worker.TestContentIdeas" name="test_get_ideas_filtered_by_category" time="0.427" /><testcase classname="tests.test_content_worker.TestContentIdeas" name="test_update_content_idea_status" time="0.619" /><testcase classname="tests.test_content_worker.TestContentIdeas" name="test_delete_content_idea" time="0.613" /><testcase classname="tests.test_content_worker.TestContentAssets" name="test_get_assets" time="0.414" /><testcase classname="tests.test_content_worker.TestContentAssets" name="test_create_asset_via_json" time="0.446" /><testcase classname="tests.test_content_worker.TestContentAssets" name="test_delete_asset" time="0.640" /><testcase classname="tests.test_content_worker.TestContentDrafts" name="test_get_drafts" time="0.458" /><testcase classname="tests.test_content_worker.TestContentDrafts" name="test_create_draft" time="0.535" /><testcase classname="tests.test_content_worker.TestContentDrafts" name="test_get_specific_draft" time="0.610" /><testcase classname="tests.test_content_worker.TestContentDrafts" name="test_draft_workflow_submit_for_review" time="0.666" /><testcase classname="tests.test_content_worker.TestContentDrafts" name="test_draft_workflow_approve" time="0.997" /><testcase classname="tests.test_content_worker.TestContentDrafts" name="test_draft_workflow_reject" time="0.801" /><testcase classname="tests.test_content_worker.TestContentDrafts" name="test_get_drafts_filtered_by_status" time="0.523" /><testcase classname="tests.test_content_worker.TestContentDrafts" name="test_update_draft" time="0.646" /><testcase classname="tests.test_content_worker.TestContentDrafts" name="test_delete_draft" time="0.730" /><testcase classname="tests.test_content_worker.TestPostTemplates" name="test_get_templates" time="0.444" /><testcase classname="tests.test_content_worker.TestPostTemplates" name="test_create_template" time="0.442" /><testcase classname="tests.test_content_worker.TestPostTemplates" name="test_update_template" time="0.549" /><testcase classname="tests.test_content_worker.TestPostTemplates" name="test_delete_template" time="0.560" /><testcase classname="tests.test_content_worker.TestInstagramSettings" name="test_get_instagram_settings" time="0.454" /><testcase classname="tests.test_content_worker.TestInstagramSettings" name="test_update_instagram_settings" time="0.516" /><testcase classname="tests.test_content_worker.TestCleanup" name="test_cleanup_test_data" time="2.036" /></testsuite></testsuites>