<?xml version="1.0" encoding="utf-8"?><testsuites name="pytest tests"><testsuite name="pytest" errors="0" failures="0" skipped="0" tests="17" time="8.014" timestamp="2026-03-04T10:40:25.845505+00:00" hostname="agent-env-1bb3e748-1ff8-445b-b2fa-09b6e601a993"><testcase classname="backend.tests.test_announcements_timeline.TestAnnouncementsAndTimeline" name="test_01_create_announcement" time="0.532" /><testcase classname="backend.tests.test_announcements_timeline.TestAnnouncementsAndTimeline" name="test_02_list_announcements" time="0.450" /><testcase classname="backend.tests.test_announcements_timeline.TestAnnouncementsAndTimeline" name="test_03_get_pending_announcements" time="0.425" /><testcase classname="backend.tests.test_announcements_timeline.TestAnnouncementsAndTimeline" name="test_04_get_unread_count" time="0.429" /><testcase classname="backend.tests.test_announcements_timeline.TestAnnouncementsAndTimeline" name="test_05_acknowledge_announcement" time="0.625" /><testcase classname="backend.tests.test_announcements_timeline.TestAnnouncementsAndTimeline" name="test_06_acknowledge_nonexistent_announcement" time="0.433" /><testcase classname="backend.tests.test_announcements_timeline.TestAnnouncementsAndTimeline" name="test_07_delete_announcement" time="0.550" /><testcase classname="backend.tests.test_announcements_timeline.TestAnnouncementsAndTimeline" name="test_08_delete_nonexistent_announcement" time="0.437" /><testcase classname="backend.tests.test_announcements_timeline.TestAnnouncementsAndTimeline" name="test_09_create_announcement_with_all_priorities" time="0.841" /><testcase classname="backend.tests.test_announcements_timeline.TestAnnouncementsAndTimeline" name="test_10_get_daily_timeline" time="0.449" /><testcase classname="backend.tests.test_announcements_timeline.TestAnnouncementsAndTimeline" name="test_11_get_daily_timeline_with_date" time="0.455" /><testcase classname="backend.tests.test_announcements_timeline.TestAnnouncementsAndTimeline" name="test_12_get_daily_timeline_past_date" time="0.444" /><testcase classname="backend.tests.test_announcements_timeline.TestAnnouncementsAndTimeline" name="test_13_get_daily_timeline_invalid_date" time="0.452" /><testcase classname="backend.tests.test_announcements_timeline.TestAnnouncementsAndTimeline" name="test_14_daily_timeline_requires_admin" time="0.106" /><testcase classname="backend.tests.test_announcements_timeline.TestAnnouncementsAndTimeline" name="test_15_timeline_hours_are_correct" time="0.429" /><testcase classname="backend.tests.test_announcements_timeline.TestAnnouncementsAndTimeline" name="test_16_timeline_utilization_calculation" time="0.437" /><testcase classname="backend.tests.test_announcements_timeline.TestAnnouncementsAndTimeline" name="test_99_cleanup_test_announcements" time="0.466" /></testsuite></testsuites>