<?xml version="1.0" encoding="utf-8"?><testsuites name="pytest tests"><testsuite name="pytest" errors="0" failures="0" skipped="0" tests="17" time="17.098" timestamp="2026-03-02T20:55:57.422803+00:00" hostname="agent-env-a0423ba2-4eab-48d7-94c5-b03047a74c7e"><testcase classname="backend.tests.test_multi_tenant_platform.TestSuperAdminLogin" name="test_super_admin_login_success" time="0.378" /><testcase classname="backend.tests.test_multi_tenant_platform.TestSuperAdminLogin" name="test_super_admin_login_invalid_password" time="0.339" /><testcase classname="backend.tests.test_multi_tenant_platform.TestSuperAdminLogin" name="test_super_admin_login_invalid_email" time="0.109" /><testcase classname="backend.tests.test_multi_tenant_platform.TestPlatformAdminDashboard" name="test_platform_stats_endpoint" time="0.496" /><testcase classname="backend.tests.test_multi_tenant_platform.TestPlatformAdminDashboard" name="test_list_tenants_endpoint" time="0.598" /><testcase classname="backend.tests.test_multi_tenant_platform.TestPlatformAdminDashboard" name="test_audit_log_endpoint" time="0.497" /><testcase classname="backend.tests.test_multi_tenant_platform.TestTenantCreation" name="test_create_tenant_with_auto_credentials" time="0.709" /><testcase classname="backend.tests.test_multi_tenant_platform.TestTenantCreation" name="test_create_tenant_with_custom_admin_email" time="0.712" /><testcase classname="backend.tests.test_multi_tenant_platform.TestTenantCreation" name="test_create_tenant_duplicate_slug_fails" time="0.863" /><testcase classname="backend.tests.test_multi_tenant_platform.TestMasterAdminLogin" name="test_master_admin_login_with_generated_credentials" time="0.348" /><testcase classname="backend.tests.test_multi_tenant_platform.TestTenantSuspendReactivate" name="test_suspend_tenant" time="1.149" /><testcase classname="backend.tests.test_multi_tenant_platform.TestTenantSuspendReactivate" name="test_suspended_tenant_user_cannot_access" time="1.265" /><testcase classname="backend.tests.test_multi_tenant_platform.TestTenantSuspendReactivate" name="test_reactivate_tenant" time="1.085" /><testcase classname="backend.tests.test_multi_tenant_platform.TestRoleBasedAccessControl" name="test_staff_cannot_access_platform_endpoints" time="2.225" /><testcase classname="backend.tests.test_multi_tenant_platform.TestRoleBasedAccessControl" name="test_admin_can_create_vehicles" time="1.910" /><testcase classname="backend.tests.test_multi_tenant_platform.TestTenantIsolation" name="test_tenant_a_cannot_see_tenant_b_vehicles" time="2.043" /><testcase classname="backend.tests.test_multi_tenant_platform.TestTenantIsolation" name="test_tenant_a_cannot_access_tenant_b_vehicle_directly" time="2.202" /></testsuite></testsuites>