<?xml version="1.0" encoding="utf-8"?><testsuites name="pytest tests"><testsuite name="pytest" errors="0" failures="0" skipped="0" tests="8" time="2.958" timestamp="2026-03-04T01:01:33.765051+00:00" hostname="agent-env-dbcbb655-c204-4308-b2cb-e7bd3aebcebd"><testcase classname="backend.tests.test_tenant_reports.TestTenantReportsEndpoints" name="test_tenant_reports_summary_requires_auth" time="0.213" /><testcase classname="backend.tests.test_tenant_reports.TestTenantReportsEndpoints" name="test_tenant_reports_summary_returns_data" time="0.402" /><testcase classname="backend.tests.test_tenant_reports.TestTenantReportsEndpoints" name="test_tenant_reports_vehicle_utilization_requires_auth" time="0.129" /><testcase classname="backend.tests.test_tenant_reports.TestTenantReportsEndpoints" name="test_tenant_reports_vehicle_utilization_returns_data" time="0.418" /><testcase classname="backend.tests.test_tenant_reports.TestTenantReportsEndpoints" name="test_reports_data_is_tenant_scoped" time="0.497" /><testcase classname="backend.tests.test_tenant_reports.TestTenantReportsEndpoints" name="test_vehicle_usage_sorted_by_bookings" time="0.394" /><testcase classname="backend.tests.test_tenant_reports.TestTenantReportsEndpoints" name="test_daily_booking_trend_has_7_days" time="0.396" /><testcase classname="backend.tests.test_tenant_reports.TestTenantReportsAccessControl" name="test_super_admin_cannot_access_without_tenant_context" time="0.406" /></testsuite></testsuites>