<?xml version="1.0" encoding="utf-8"?><testsuites name="pytest tests"><testsuite name="pytest" errors="0" failures="0" skipped="0" tests="36" time="2.861" timestamp="2026-09-23T18:27:11.206184+00:00" hostname="agent-env-502cbf0c-cceb-4ecf-b8cd-ade4bbd89c7b"><testcase classname="backend.tests.test_bulk_tracker_setup_isolated" name="test_parse_csv_utf8_bom_and_leading_zeroes" time="0.002" /><testcase classname="backend.tests.test_bulk_tracker_setup_isolated" name="test_parse_csv_rejects_extra_headers" time="0.001" /><testcase classname="backend.tests.test_bulk_tracker_setup_isolated" name="test_create_review_validation_and_conflicts" time="0.054" /><testcase classname="backend.tests.test_bulk_tracker_setup_isolated" name="test_create_review_idempotent_same_csv_returns_same_batch" time="0.041" /><testcase classname="backend.tests.test_bulk_tracker_setup_isolated" name="test_validate_duplicates_and_missing_fields_flag_all_rows" time="0.038" /><testcase classname="backend.tests.test_bulk_tracker_setup_isolated" name="test_parse_csv_rejects_wrong_column_count_and_empty_and_too_many_rows" time="0.002" /><testcase classname="backend.tests.test_bulk_tracker_setup_isolated" name="test_review_rejects_payload_over_512kb" time="0.036" /><testcase classname="backend.tests.test_bulk_tracker_setup_isolated" name="test_concurrent_identical_review_uploads_single_saved_batch_with_unique_index" time="0.046" /><testcase classname="backend.tests.test_bulk_tracker_setup_isolated" name="test_activation_rejects_competing_claims_across_tenants_atomically" time="0.072" /><testcase classname="backend.tests.test_bulk_tracker_setup_isolated" name="test_retry_endpoint_returns_503_when_not_configured" time="0.047" /><testcase classname="backend.tests.test_bulk_tracker_setup_isolated" name="test_retry_endpoint_returns_409_when_row_lease_held" time="0.049" /><testcase classname="backend.tests.test_bulk_tracker_setup_isolated" name="test_review_invalid_never_inserts_claims_or_trackers" time="0.048" /><testcase classname="backend.tests.test_bulk_tracker_setup_isolated" name="test_activate_requires_configured_and_blocks_outbound" time="0.046" /><testcase classname="backend.tests.test_bulk_tracker_setup_isolated" name="test_activate_conflict_releases_claims" time="0.075" /><testcase classname="backend.tests.test_bulk_tracker_setup_isolated" name="test_activate_idempotent_double_call" time="0.065" /><testcase classname="backend.tests.test_tracker_setup_worker_isolated" name="test_worker_enabled_sim_does_not_activate_again" time="0.055" /><testcase classname="backend.tests.test_tracker_setup_worker_isolated" name="test_worker_disabled_sim_put_once_then_enabled" time="0.057" /><testcase classname="backend.tests.test_tracker_setup_worker_isolated" name="test_worker_delivery_progress_to_configured_without_resend" time="0.061" /><testcase classname="backend.tests.test_tracker_setup_worker_isolated" name="test_worker_failed_second_sms_stops_later_messages" time="0.052" /><testcase classname="backend.tests.test_tracker_setup_worker_isolated" name="test_worker_retry_resumes_failed_and_unsent_not_delivered_or_pending" time="0.054" /><testcase classname="backend.tests.test_tracker_setup_worker_isolated" name="test_worker_ambiguous_uncertain_match_refuses_resend" time="0.050" /><testcase classname="backend.tests.test_tracker_setup_worker_isolated" name="test_worker_concurrent_same_row_single_ordered_send_and_single_tracker" time="0.139" /><testcase classname="backend.tests.test_tracker_setup_worker_isolated" name="test_worker_delivery_progress_1_2_3_4_without_resend" time="0.072" /><testcase classname="backend.tests.test_tracker_setup_worker_isolated" name="test_worker_reconcile_late_deliveries_even_with_earlier_failed_then_retry_failed_only" time="0.063" /><testcase classname="backend.tests.test_tracker_setup_worker_isolated" name="test_worker_known_failed_provider_id_delivered_before_retry_zero_resend" time="0.054" /><testcase classname="backend.tests.test_tracker_setup_worker_isolated" name="test_worker_retry_reconciles_unique_timeout_match_and_does_not_resend" time="0.052" /><testcase classname="backend.tests.test_tracker_setup_worker_isolated" name="test_worker_retry_zero_match_refuses_resend_and_keeps_failed" time="1.079" /><testcase classname="backend.tests.test_onence_client_unit" name="test_not_configured_blocks_without_env" time="0.001" /><testcase classname="backend.tests.test_onence_client_unit" name="test_token_uses_basic_auth_and_client_credentials" time="0.001" /><testcase classname="backend.tests.test_onence_client_unit" name="test_activate_sim_put_payload_exact" time="0.001" /><testcase classname="backend.tests.test_onence_client_unit" name="test_send_sms_requires_201_and_valid_location" time="0.001" /><testcase classname="backend.tests.test_onence_client_unit" name="test_send_sms_missing_location_marks_uncertain" time="0.001" /><testcase classname="backend.tests.test_onence_client_unit" name="test_get_sim_uses_admin_path_and_accepts_enabled_disabled" time="0.001" /><testcase classname="backend.tests.test_onence_client_unit" name="test_request_5xx_and_timeout_uncertain_only_for_post_put" time="0.001" /><testcase classname="backend.tests.test_onence_client_unit" name="test_request_4xx_is_definitive_not_uncertain" time="0.001" /><testcase classname="backend.tests.test_onence_client_unit" name="test_missing_credentials_makes_no_http_calls" time="0.001" /></testsuite></testsuites>