<?xml version="1.0" encoding="utf-8"?><testsuites name="pytest tests"><testsuite name="pytest" errors="0" failures="0" skipped="0" tests="19" time="7.842" timestamp="2026-03-03T19:00:20.811093+00:00" hostname="agent-env-595f1994-131c-47ff-bf4e-b7641a18938a"><testcase classname="backend.tests.test_auth_and_platform.TestHealthCheck" name="test_api_root_accessible" time="0.187" /><testcase classname="backend.tests.test_auth_and_platform.TestSuperAdminLogin" name="test_super_admin_login_success" time="0.361" /><testcase classname="backend.tests.test_auth_and_platform.TestSuperAdminLogin" name="test_super_admin_login_returns_correct_role" time="0.348" /><testcase classname="backend.tests.test_auth_and_platform.TestSuperAdminLogin" name="test_super_admin_invalid_password" time="0.332" /><testcase classname="backend.tests.test_auth_and_platform.TestMasterAdminLogin" name="test_master_admin_login_success" time="0.344" /><testcase classname="backend.tests.test_auth_and_platform.TestPlatformAdminEndpoints" name="test_platform_tenants_requires_auth" time="0.103" /><testcase classname="backend.tests.test_auth_and_platform.TestPlatformAdminEndpoints" name="test_platform_tenants_list" time="0.454" /><testcase classname="backend.tests.test_auth_and_platform.TestPlatformAdminEndpoints" name="test_platform_stats" time="0.432" /><testcase classname="backend.tests.test_auth_and_platform.TestPlatformAdminEndpoints" name="test_platform_audit_log" time="0.480" /><testcase classname="backend.tests.test_auth_and_platform.TestTenantLookup" name="test_tenant_by_slug_kerry_fleet" time="0.135" /><testcase classname="backend.tests.test_auth_and_platform.TestTenantLookup" name="test_tenant_by_slug_not_found" time="0.111" /><testcase classname="backend.tests.test_auth_and_platform.TestReportsAndBilling" name="test_executive_summary_report" time="0.461" /><testcase classname="backend.tests.test_auth_and_platform.TestReportsAndBilling" name="test_executive_summary_pdf_export" time="0.547" /><testcase classname="backend.tests.test_auth_and_platform.TestReportsAndBilling" name="test_franchises_report" time="0.455" /><testcase classname="backend.tests.test_auth_and_platform.TestReportsAndBilling" name="test_franchises_report_pdf_export" time="0.497" /><testcase classname="backend.tests.test_auth_and_platform.TestReportsAndBilling" name="test_invoices_list" time="0.466" /><testcase classname="backend.tests.test_auth_and_platform.TestTenantCreation" name="test_create_tenant_success" time="1.087" /><testcase classname="backend.tests.test_auth_and_platform.TestAuthMe" name="test_auth_me_super_admin" time="0.478" /><testcase classname="backend.tests.test_auth_and_platform.TestAuthMe" name="test_auth_me_master_admin" time="0.482" /></testsuite></testsuites>