<?xml version="1.0" encoding="utf-8"?><testsuites name="pytest tests"><testsuite name="pytest" errors="0" failures="0" skipped="0" tests="12" time="3.286" timestamp="2026-03-17T15:49:10.102218+00:00" hostname="agent-env-400af49f-9ae9-4404-b2cd-ad2779778c46"><testcase classname="backend.tests.test_professional_tier_features.TestSettingsAPI" name="test_get_settings_returns_branding_and_cost_analytics" time="0.626" /><testcase classname="backend.tests.test_professional_tier_features.TestSettingsAPI" name="test_update_settings_saves_values" time="0.147" /><testcase classname="backend.tests.test_professional_tier_features.TestSettingsAPI" name="test_get_settings_reflects_updates" time="0.131" /><testcase classname="backend.tests.test_professional_tier_features.TestQRCodeEndpoint" name="test_qr_code_returns_png_image" time="0.326" /><testcase classname="backend.tests.test_professional_tier_features.TestBookingManagement" name="test_get_bookings_returns_list" time="0.136" /><testcase classname="backend.tests.test_professional_tier_features.TestBookingManagement" name="test_update_booking_status" time="0.344" /><testcase classname="backend.tests.test_professional_tier_features.TestPlanFeatures" name="test_my_plan_returns_professional_features" time="0.140" /><testcase classname="backend.tests.test_professional_tier_features.TestPlanFeatures" name="test_platform_plans_no_api_access" time="0.528" /><testcase classname="backend.tests.test_professional_tier_features.TestCostAnalyticsFeature" name="test_cost_analytics_enabled_for_professional" time="0.140" /><testcase classname="backend.tests.test_professional_tier_features.TestCostAnalyticsFeature" name="test_settings_cost_analytics_configurable" time="0.264" /><testcase classname="backend.tests.test_professional_tier_features.TestCustomBrandingFeature" name="test_custom_branding_enabled_for_professional" time="0.131" /><testcase classname="backend.tests.test_professional_tier_features.TestCustomBrandingFeature" name="test_branding_settings_configurable" time="0.294" /></testsuite></testsuites>