<?xml version="1.0" encoding="utf-8"?><testsuites name="pytest tests"><testsuite name="pytest" errors="0" failures="0" skipped="0" tests="10" time="5.517" timestamp="2026-03-16T21:00:03.581268+00:00" hostname="agent-env-d14e0417-62a2-41f5-8b7c-8333193602d5"><testcase classname="backend.tests.test_plan_enforcement.TestPlanEnforcement" name="test_my_plan_endpoint_returns_correct_structure" time="0.600" /><testcase classname="backend.tests.test_plan_enforcement.TestPlanEnforcement" name="test_my_plan_requires_authentication" time="0.171" /><testcase classname="backend.tests.test_plan_enforcement.TestPlanEnforcement" name="test_my_plan_legacy_plan_mapping" time="0.416" /><testcase classname="backend.tests.test_plan_enforcement.TestPlanEnforcement" name="test_vehicle_creation_blocked_at_limit" time="0.693" /><testcase classname="backend.tests.test_plan_enforcement.TestPlanEnforcement" name="test_vehicle_creation_succeeds_under_limit" time="0.588" /><testcase classname="backend.tests.test_plan_enforcement.TestPlanEnforcement" name="test_user_creation_blocked_at_limit" time="0.623" /><testcase classname="backend.tests.test_plan_enforcement.TestPlanEnforcement" name="test_user_creation_succeeds_under_limit" time="0.837" /><testcase classname="backend.tests.test_plan_enforcement.TestPlanConfiguration" name="test_platform_plans_endpoint" time="0.193" /><testcase classname="backend.tests.test_plan_enforcement.TestSuperAdminPlanManagement" name="test_get_tenant_features" time="0.624" /><testcase classname="backend.tests.test_plan_enforcement.TestSuperAdminPlanManagement" name="test_get_tenant_with_usage_stats" time="0.558" /></testsuite></testsuites>