<?xml version="1.0" encoding="utf-8"?><testsuites name="pytest tests"><testsuite name="pytest" errors="0" failures="3" skipped="0" tests="31" time="7.137" timestamp="2026-03-19T01:07:22.017148+00:00" hostname="agent-env-502cbf0c-cceb-4ecf-b8cd-ade4bbd89c7b"><testcase classname="backend.tests.test_instagram_publishing_analytics.TestAuthentication" name="test_super_admin_login" time="0.808" /><testcase classname="backend.tests.test_instagram_publishing_analytics.TestInstagramSettings" name="test_get_instagram_settings" time="0.469" /><testcase classname="backend.tests.test_instagram_publishing_analytics.TestInstagramSettings" name="test_instagram_connect" time="0.121" /><testcase classname="backend.tests.test_instagram_publishing_analytics.TestInstagramSettings" name="test_instagram_settings_after_connect" time="0.114" /><testcase classname="backend.tests.test_instagram_publishing_analytics.TestInstagramSettings" name="test_instagram_refresh_token" time="0.114" /><testcase classname="backend.tests.test_instagram_publishing_analytics.TestInstagramSettings" name="test_instagram_disconnect" time="0.136" /><testcase classname="backend.tests.test_instagram_publishing_analytics.TestInstagramSettings" name="test_reconnect_for_further_tests" time="0.111" /><testcase classname="backend.tests.test_instagram_publishing_analytics.TestAnalyticsAPIs" name="test_analytics_overview" time="0.475" /><testcase classname="backend.tests.test_instagram_publishing_analytics.TestAnalyticsAPIs" name="test_analytics_posts" time="0.127" /><testcase classname="backend.tests.test_instagram_publishing_analytics.TestAnalyticsAPIs" name="test_analytics_top_posts" time="0.109" /><testcase classname="backend.tests.test_instagram_publishing_analytics.TestAnalyticsAPIs" name="test_analytics_top_posts_by_reach" time="0.129" /><testcase classname="backend.tests.test_instagram_publishing_analytics.TestAnalyticsAPIs" name="test_analytics_by_category" time="0.122" /><testcase classname="backend.tests.test_instagram_publishing_analytics.TestAnalyticsAPIs" name="test_analytics_by_format" time="0.132" /><testcase classname="backend.tests.test_instagram_publishing_analytics.TestAnalyticsAPIs" name="test_sync_metrics" time="0.120" /><testcase classname="backend.tests.test_instagram_publishing_analytics.TestSchedulePublishWorkflow" name="test_submit_draft_for_review" time="0.681" /><testcase classname="backend.tests.test_instagram_publishing_analytics.TestSchedulePublishWorkflow" name="test_approve_draft" time="0.113" /><testcase classname="backend.tests.test_instagram_publishing_analytics.TestSchedulePublishWorkflow" name="test_schedule_draft" time="0.122" /><testcase classname="backend.tests.test_instagram_publishing_analytics.TestSchedulePublishWorkflow" name="test_verify_draft_scheduled_status" time="0.118" /><testcase classname="backend.tests.test_instagram_publishing_analytics.TestSchedulePublishWorkflow" name="test_unschedule_draft" time="0.119" /><testcase classname="backend.tests.test_instagram_publishing_analytics.TestSchedulePublishWorkflow" name="test_verify_draft_back_to_approved" time="0.113" /><testcase classname="backend.tests.test_instagram_publishing_analytics.TestSchedulePublishWorkflow" name="test_publish_draft" time="0.130" /><testcase classname="backend.tests.test_instagram_publishing_analytics.TestSchedulePublishWorkflow" name="test_verify_draft_posted_status" time="0.112" /><testcase classname="backend.tests.test_instagram_publishing_analytics.TestSchedulePublishEdgeCases" name="test_schedule_non_approved_draft_fails" time="0.464"><failure message="assert 422 == 200&#10; +  where 422 = &lt;Response [422]&gt;.status_code">backend/tests/test_instagram_publishing_analytics.py:372: in test_schedule_non_approved_draft_fails
    assert create_resp.status_code == 200
E   assert 422 == 200
E    +  where 422 = &lt;Response [422]&gt;.status_code</failure></testcase><testcase classname="backend.tests.test_instagram_publishing_analytics.TestSchedulePublishEdgeCases" name="test_publish_non_approved_draft_fails" time="0.150"><failure message="assert 422 == 200&#10; +  where 422 = &lt;Response [422]&gt;.status_code">backend/tests/test_instagram_publishing_analytics.py:399: in test_publish_non_approved_draft_fails
    assert create_resp.status_code == 200
E   assert 422 == 200
E    +  where 422 = &lt;Response [422]&gt;.status_code</failure></testcase><testcase classname="backend.tests.test_instagram_publishing_analytics.TestSchedulePublishEdgeCases" name="test_unschedule_non_scheduled_draft_fails" time="0.144"><failure message="assert 422 == 200&#10; +  where 422 = &lt;Response [422]&gt;.status_code">backend/tests/test_instagram_publishing_analytics.py:422: in test_unschedule_non_scheduled_draft_fails
    assert create_resp.status_code == 200
E   assert 422 == 200
E    +  where 422 = &lt;Response [422]&gt;.status_code</failure></testcase><testcase classname="backend.tests.test_instagram_publishing_analytics.TestReviewQueueStatusFilter" name="test_filter_drafts_by_status_all" time="0.477" /><testcase classname="backend.tests.test_instagram_publishing_analytics.TestReviewQueueStatusFilter" name="test_filter_drafts_by_status_posted" time="0.123" /><testcase classname="backend.tests.test_instagram_publishing_analytics.TestReviewQueueStatusFilter" name="test_filter_drafts_by_status_scheduled" time="0.121" /><testcase classname="backend.tests.test_instagram_publishing_analytics.TestReviewQueueStatusFilter" name="test_filter_drafts_by_status_approved" time="0.123" /><testcase classname="backend.tests.test_instagram_publishing_analytics.TestReviewQueueStatusFilter" name="test_filter_drafts_by_status_failed" time="0.120" /><testcase classname="backend.tests.test_instagram_publishing_analytics.TestCleanup" name="test_cleanup_test_drafts" time="0.634" /></testsuite></testsuites>