<?xml version="1.0" encoding="utf-8"?><testsuites name="pytest tests"><testsuite name="pytest" errors="0" failures="0" skipped="0" tests="13" time="7.443" timestamp="2026-03-16T21:27:29.324058+00:00" hostname="agent-env-d14e0417-62a2-41f5-8b7c-8333193602d5"><testcase classname="backend.tests.test_plan_features_overrides.TestPlanConfigurations" name="test_get_plan_configurations" time="0.201" /><testcase classname="backend.tests.test_plan_features_overrides.TestPlanConfigurations" name="test_plan_features_structure" time="0.123" /><testcase classname="backend.tests.test_plan_features_overrides.TestPlanConfigurations" name="test_plan_limits_structure" time="0.117" /><testcase classname="backend.tests.test_plan_features_overrides.TestSuperAdminAuth" name="test_super_admin_login" time="0.379" /><testcase classname="backend.tests.test_plan_features_overrides.TestTenantListWithUsage" name="test_tenants_list_includes_usage_counts" time="0.519" /><testcase classname="backend.tests.test_plan_features_overrides.TestTenantFeatures" name="test_get_tenant_features" time="0.771" /><testcase classname="backend.tests.test_plan_features_overrides.TestPlanChange" name="test_change_plan_to_essential" time="0.738" /><testcase classname="backend.tests.test_plan_features_overrides.TestPlanChange" name="test_change_plan_invalid" time="0.659" /><testcase classname="backend.tests.test_plan_features_overrides.TestCustomizationCredits" name="test_use_customization_credit" time="0.781" /><testcase classname="backend.tests.test_plan_features_overrides.TestCustomizationCredits" name="test_reset_customization_credits" time="0.688" /><testcase classname="backend.tests.test_plan_features_overrides.TestFeatureOverrides" name="test_update_feature_overrides" time="0.861" /><testcase classname="backend.tests.test_plan_features_overrides.TestFeatureOverrides" name="test_update_limit_overrides" time="0.954" /><testcase classname="backend.tests.test_plan_features_overrides.TestFeatureGating" name="test_my_plan_returns_features" time="0.563" /></testsuite></testsuites>