<?xml version="1.0" encoding="utf-8"?><testsuites name="pytest tests"><testsuite name="pytest" errors="0" failures="0" skipped="0" tests="13" time="6.584" timestamp="2026-04-07T19:05:05.274763+00:00" hostname="agent-env-502cbf0c-cceb-4ecf-b8cd-ade4bbd89c7b"><testcase classname="backend.tests.test_staff_mobile_view.TestAuthentication" name="test_staff_login" time="0.377" /><testcase classname="backend.tests.test_staff_mobile_view.TestAuthentication" name="test_admin_login" time="0.362" /><testcase classname="backend.tests.test_staff_mobile_view.TestVehiclesAPI" name="test_get_vehicles" time="0.500" /><testcase classname="backend.tests.test_staff_mobile_view.TestBookingsAPI" name="test_get_bookings" time="0.498" /><testcase classname="backend.tests.test_staff_mobile_view.TestBookingsAPI" name="test_create_booking" time="0.603" /><testcase classname="backend.tests.test_staff_mobile_view.TestLiftRequestsAPI" name="test_get_lift_requests" time="0.485" /><testcase classname="backend.tests.test_staff_mobile_view.TestLiftRequestsAPI" name="test_get_active_lift_requests" time="0.475" /><testcase classname="backend.tests.test_staff_mobile_view.TestLiftRequestsAPI" name="test_create_lift_request" time="0.488" /><testcase classname="backend.tests.test_staff_mobile_view.TestLiftRequestsAPI" name="test_lift_request_has_requester_info" time="0.494" /><testcase classname="backend.tests.test_staff_mobile_view.TestLiftRequestsAPI" name="test_accept_lift_request" time="0.656" /><testcase classname="backend.tests.test_staff_mobile_view.TestLiftRequestsAPI" name="test_dismiss_lift_request" time="0.687" /><testcase classname="backend.tests.test_staff_mobile_view.TestCleanup" name="test_cleanup_test_bookings" time="0.456" /><testcase classname="backend.tests.test_staff_mobile_view.TestCleanup" name="test_cleanup_test_lift_requests" time="0.446" /></testsuite></testsuites>