<?xml version="1.0" encoding="utf-8"?><testsuites name="pytest tests"><testsuite name="pytest" errors="0" failures="0" skipped="0" tests="34" time="40.867" timestamp="2026-03-05T20:08:01.070011+00:00" hostname="agent-env-1bb3e748-1ff8-445b-b2fa-09b6e601a993"><testcase classname="backend.tests.test_comprehensive_platform.TestSuperAdminLogin" name="test_super_admin_login_success" time="0.398" /><testcase classname="backend.tests.test_comprehensive_platform.TestSuperAdminLogin" name="test_super_admin_login_invalid_password" time="0.334" /><testcase classname="backend.tests.test_comprehensive_platform.TestPlatformOverview" name="test_platform_stats" time="0.533" /><testcase classname="backend.tests.test_comprehensive_platform.TestTenantsManagement" name="test_list_tenants" time="0.465" /><testcase classname="backend.tests.test_comprehensive_platform.TestTenantsManagement" name="test_create_tenant" time="0.666" /><testcase classname="backend.tests.test_comprehensive_platform.TestTenantsManagement" name="test_get_tenant_details" time="0.597" /><testcase classname="backend.tests.test_comprehensive_platform.TestTenantsManagement" name="test_impersonate_tenant" time="0.706" /><testcase classname="backend.tests.test_comprehensive_platform.TestTenantsManagement" name="test_suspend_reactivate_tenant" time="1.201" /><testcase classname="backend.tests.test_comprehensive_platform.TestUsersManagement" name="test_list_all_users" time="0.484" /><testcase classname="backend.tests.test_comprehensive_platform.TestUsersManagement" name="test_create_user" time="0.814" /><testcase classname="backend.tests.test_comprehensive_platform.TestUsersManagement" name="test_get_user_details" time="0.638" /><testcase classname="backend.tests.test_comprehensive_platform.TestReportsAndBilling" name="test_executive_summary" time="0.621" /><testcase classname="backend.tests.test_comprehensive_platform.TestReportsAndBilling" name="test_franchises_report" time="0.472" /><testcase classname="backend.tests.test_comprehensive_platform.TestReportsAndBilling" name="test_create_invoice" time="0.603" /><testcase classname="backend.tests.test_comprehensive_platform.TestReportsAndBilling" name="test_list_invoices" time="0.500" /><testcase classname="backend.tests.test_comprehensive_platform.TestReportsAndBilling" name="test_download_invoice_pdf" time="0.564" /><testcase classname="backend.tests.test_comprehensive_platform.TestAuditLog" name="test_view_audit_logs" time="0.490" /><testcase classname="backend.tests.test_comprehensive_platform.TestCompanySettings" name="test_get_company_settings" time="0.586" /><testcase classname="backend.tests.test_comprehensive_platform.TestFranchiseAdminLogin" name="test_franchise_admin_login" time="0.390" /><testcase classname="backend.tests.test_comprehensive_platform.TestTenantDashboard" name="test_get_vehicles" time="0.457" /><testcase classname="backend.tests.test_comprehensive_platform.TestTenantDashboard" name="test_get_bookings" time="0.472" /><testcase classname="backend.tests.test_comprehensive_platform.TestTenantDashboard" name="test_get_team_members" time="1.537" /><testcase classname="backend.tests.test_comprehensive_platform.TestTenantDashboard" name="test_tenant_reports_summary" time="0.461" /><testcase classname="backend.tests.test_comprehensive_platform.TestTenantDashboard" name="test_fleet_reports_daily_availability" time="0.473" /><testcase classname="backend.tests.test_comprehensive_platform.TestTenantDashboard" name="test_daily_timeline" time="0.456" /><testcase classname="backend.tests.test_comprehensive_platform.TestTenantDashboard" name="test_announcements" time="0.577" /><testcase classname="backend.tests.test_comprehensive_platform.TestTenantDashboard" name="test_qr_code_generation" time="0.589" /><testcase classname="backend.tests.test_comprehensive_platform.TestTenantDashboard" name="test_block_vehicle" time="0.674" /><testcase classname="backend.tests.test_comprehensive_platform.TestTenantDashboard" name="test_csv_export" time="21.137" /><testcase classname="backend.tests.test_comprehensive_platform.TestTenantDashboard" name="test_pdf_export" time="0.478" /><testcase classname="backend.tests.test_comprehensive_platform.TestVehicleManagement" name="test_add_vehicle" time="0.453" /><testcase classname="backend.tests.test_comprehensive_platform.TestVehicleManagement" name="test_edit_vehicle" time="0.725" /><testcase classname="backend.tests.test_comprehensive_platform.TestVehicleManagement" name="test_delete_vehicle" time="0.670" /><testcase classname="backend.tests.test_comprehensive_platform.TestBookingManagement" name="test_create_booking" time="0.573" /></testsuite></testsuites>