<?xml version="1.0" encoding="utf-8"?><testsuites name="pytest tests"><testsuite name="pytest" errors="0" failures="0" skipped="0" tests="22" time="4.227" timestamp="2026-03-04T00:34:52.255467+00:00" hostname="agent-env-595f1994-131c-47ff-bf4e-b7641a18938a"><testcase classname="backend.tests.test_lift_requests_and_flows.TestSuperAdminFlow" name="test_super_admin_login" time="0.416" /><testcase classname="backend.tests.test_lift_requests_and_flows.TestSuperAdminFlow" name="test_platform_tenants_list" time="0.107" /><testcase classname="backend.tests.test_lift_requests_and_flows.TestSuperAdminFlow" name="test_create_franchise_with_master_admin" time="0.408" /><testcase classname="backend.tests.test_lift_requests_and_flows.TestMasterAdminFlow" name="test_master_admin_login" time="0.340" /><testcase classname="backend.tests.test_lift_requests_and_flows.TestMasterAdminFlow" name="test_select_tenant_context" time="0.116" /><testcase classname="backend.tests.test_lift_requests_and_flows.TestMasterAdminFlow" name="test_master_admin_can_access_vehicles" time="0.110" /><testcase classname="backend.tests.test_lift_requests_and_flows.TestMasterAdminFlow" name="test_master_admin_can_access_bookings" time="0.111" /><testcase classname="backend.tests.test_lift_requests_and_flows.TestMasterAdminFlow" name="test_master_admin_can_access_team" time="0.110" /><testcase classname="backend.tests.test_lift_requests_and_flows.TestMasterAdminFlow" name="test_master_admin_can_create_vehicle" time="0.134" /><testcase classname="backend.tests.test_lift_requests_and_flows.TestMasterAdminFlow" name="test_master_admin_can_create_staff" time="0.337" /><testcase classname="backend.tests.test_lift_requests_and_flows.TestStaffFlow" name="test_staff_login" time="0.376" /><testcase classname="backend.tests.test_lift_requests_and_flows.TestStaffFlow" name="test_staff_select_tenant" time="0.148" /><testcase classname="backend.tests.test_lift_requests_and_flows.TestStaffFlow" name="test_staff_can_view_vehicles" time="0.118" /><testcase classname="backend.tests.test_lift_requests_and_flows.TestStaffFlow" name="test_staff_can_view_bookings" time="0.154" /><testcase classname="backend.tests.test_lift_requests_and_flows.TestLiftRequestFeature" name="test_staff_can_create_lift_request" time="0.118" /><testcase classname="backend.tests.test_lift_requests_and_flows.TestLiftRequestFeature" name="test_get_active_lift_requests" time="0.127" /><testcase classname="backend.tests.test_lift_requests_and_flows.TestLiftRequestFeature" name="test_list_all_lift_requests" time="0.120" /><testcase classname="backend.tests.test_lift_requests_and_flows.TestComplianceAlerts" name="test_vehicle_with_tax_expiry" time="0.115" /><testcase classname="backend.tests.test_lift_requests_and_flows.TestComplianceAlerts" name="test_vehicles_list_includes_tax_expiry" time="0.102" /><testcase classname="backend.tests.test_lift_requests_and_flows.TestTenantLookup" name="test_tenant_lookup_by_slug" time="0.107" /><testcase classname="backend.tests.test_lift_requests_and_flows.TestTenantLookup" name="test_nonexistent_tenant_returns_404" time="0.119" /><testcase classname="backend.tests.test_lift_requests_and_flows.TestCleanup" name="test_cleanup_test_tenant" time="0.350" /></testsuite></testsuites>