<?xml version="1.0" encoding="utf-8"?><testsuites name="pytest tests"><testsuite name="pytest" errors="0" failures="0" skipped="0" tests="10" time="3.848" timestamp="2026-03-04T01:02:15.029155+00:00" hostname="agent-env-dbcbb655-c204-4308-b2cb-e7bd3aebcebd"><testcase classname="backend.tests.test_tenant_reports.TestTenantReportsEndpoints" name="test_tenant_reports_summary_requires_auth" time="0.268" /><testcase classname="backend.tests.test_tenant_reports.TestTenantReportsEndpoints" name="test_tenant_reports_summary_returns_data" time="0.406" /><testcase classname="backend.tests.test_tenant_reports.TestTenantReportsEndpoints" name="test_tenant_reports_vehicle_utilization_requires_auth" time="0.113" /><testcase classname="backend.tests.test_tenant_reports.TestTenantReportsEndpoints" name="test_tenant_reports_vehicle_utilization_returns_data" time="0.417" /><testcase classname="backend.tests.test_tenant_reports.TestTenantReportsEndpoints" name="test_reports_data_is_tenant_scoped" time="0.487" /><testcase classname="backend.tests.test_tenant_reports.TestTenantReportsEndpoints" name="test_vehicle_usage_sorted_by_bookings" time="0.446" /><testcase classname="backend.tests.test_tenant_reports.TestTenantReportsEndpoints" name="test_daily_booking_trend_has_7_days" time="0.421" /><testcase classname="backend.tests.test_tenant_reports.TestTenantReportsAccessControl" name="test_staff_cannot_access_reports_summary" time="0.422" /><testcase classname="backend.tests.test_tenant_reports.TestTenantReportsAccessControl" name="test_staff_cannot_access_vehicle_utilization" time="0.405" /><testcase classname="backend.tests.test_tenant_reports.TestTenantReportsAccessControl" name="test_super_admin_cannot_access_without_tenant_context" time="0.400" /></testsuite></testsuites>