<?xml version="1.0" encoding="utf-8"?><testsuites name="pytest tests"><testsuite name="pytest" errors="0" failures="0" skipped="0" tests="12" time="7.992" timestamp="2026-04-05T18:59:49.333939+00:00" hostname="agent-env-502cbf0c-cceb-4ecf-b8cd-ade4bbd89c7b"><testcase classname="tests.test_calendar_fleetmap.TestAuthentication" name="test_super_admin_login" time="0.481" /><testcase classname="tests.test_calendar_fleetmap.TestAuthentication" name="test_impersonate_essential_tenant" time="0.478" /><testcase classname="tests.test_calendar_fleetmap.TestPlanFeatures" name="test_standard_tier_no_map_feature" time="0.591" /><testcase classname="tests.test_calendar_fleetmap.TestPlanFeatures" name="test_essential_tier_has_map_feature" time="0.587" /><testcase classname="tests.test_calendar_fleetmap.TestPlanFeatures" name="test_professional_tier_has_map_feature" time="0.711" /><testcase classname="tests.test_calendar_fleetmap.TestBookingJourneyFields" name="test_create_booking_with_journey_fields" time="0.655" /><testcase classname="tests.test_calendar_fleetmap.TestBookingJourneyFields" name="test_get_booking_with_journey_fields" time="0.807" /><testcase classname="tests.test_calendar_fleetmap.TestBookingJourneyFields" name="test_update_booking_journey_fields" time="0.747" /><testcase classname="tests.test_calendar_fleetmap.TestVehiclesAndBookings" name="test_get_vehicles" time="0.562" /><testcase classname="tests.test_calendar_fleetmap.TestVehiclesAndBookings" name="test_get_bookings" time="0.539" /><testcase classname="tests.test_calendar_fleetmap.TestVehiclesAndBookings" name="test_create_recurring_booking" time="0.642" /><testcase classname="tests.test_calendar_fleetmap.TestCleanup" name="test_cleanup_test_bookings" time="1.062" /></testsuite></testsuites>