<?xml version="1.0" encoding="utf-8"?><testsuites name="pytest tests"><testsuite name="pytest" errors="0" failures="0" skipped="0" tests="25" time="9.724" timestamp="2026-03-02T23:19:13.678493+00:00" hostname="agent-env-bfc66e42-66d4-4045-ac4d-a4f7eb9dfcaf"><testcase classname="backend.tests.test_pdf_export.TestPDFExportFeature" name="test_executive_summary_pdf_endpoint_returns_pdf" time="0.526" /><testcase classname="backend.tests.test_pdf_export.TestPDFExportFeature" name="test_executive_summary_pdf_has_reasonable_size" time="0.414" /><testcase classname="backend.tests.test_pdf_export.TestPDFExportFeature" name="test_franchises_report_pdf_endpoint_returns_pdf" time="0.416" /><testcase classname="backend.tests.test_pdf_export.TestPDFExportFeature" name="test_franchises_report_pdf_with_status_filter" time="0.431" /><testcase classname="backend.tests.test_pdf_export.TestPDFExportFeature" name="test_franchises_report_pdf_with_plan_filter" time="0.423" /><testcase classname="backend.tests.test_pdf_export.TestPDFExportFeature" name="test_invoices_report_pdf_endpoint_returns_pdf" time="0.416" /><testcase classname="backend.tests.test_pdf_export.TestPDFExportFeature" name="test_invoices_report_pdf_with_status_filter" time="0.396" /><testcase classname="backend.tests.test_pdf_export.TestPDFExportFeature" name="test_single_invoice_pdf_endpoint_returns_pdf" time="0.453" /><testcase classname="backend.tests.test_pdf_export.TestPDFExportFeature" name="test_single_invoice_pdf_with_provided_id" time="0.418" /><testcase classname="backend.tests.test_pdf_export.TestPDFExportFeature" name="test_single_invoice_pdf_not_found" time="0.389" /><testcase classname="backend.tests.test_pdf_export.TestInvoiceCRUD" name="test_list_invoices_endpoint" time="0.439" /><testcase classname="backend.tests.test_pdf_export.TestInvoiceCRUD" name="test_list_invoices_with_tenant_filter" time="0.394" /><testcase classname="backend.tests.test_pdf_export.TestInvoiceCRUD" name="test_list_invoices_with_status_filter" time="0.449" /><testcase classname="backend.tests.test_pdf_export.TestInvoiceCRUD" name="test_create_invoice_success" time="0.452" /><testcase classname="backend.tests.test_pdf_export.TestInvoiceCRUD" name="test_create_invoice_missing_tenant" time="0.439" /><testcase classname="backend.tests.test_pdf_export.TestInvoiceCRUD" name="test_update_invoice_status" time="0.488" /><testcase classname="backend.tests.test_pdf_export.TestInvoiceCRUD" name="test_update_invoice_to_paid" time="0.492" /><testcase classname="backend.tests.test_pdf_export.TestInvoiceCRUD" name="test_update_invoice_not_found" time="0.391" /><testcase classname="backend.tests.test_pdf_export.TestReportsEndpoints" name="test_executive_summary_json" time="0.408" /><testcase classname="backend.tests.test_pdf_export.TestReportsEndpoints" name="test_franchises_report_json" time="0.406" /><testcase classname="backend.tests.test_pdf_export.TestReportsEndpoints" name="test_invoices_report_json" time="0.412" /><testcase classname="backend.tests.test_pdf_export.TestUnauthorizedAccess" name="test_executive_summary_pdf_requires_auth" time="0.120" /><testcase classname="backend.tests.test_pdf_export.TestUnauthorizedAccess" name="test_franchises_pdf_requires_auth" time="0.119" /><testcase classname="backend.tests.test_pdf_export.TestUnauthorizedAccess" name="test_invoices_pdf_requires_auth" time="0.107" /><testcase classname="backend.tests.test_pdf_export.TestUnauthorizedAccess" name="test_single_invoice_pdf_requires_auth" time="0.105" /></testsuite></testsuites>