<?xml version="1.0" encoding="utf-8"?><testsuites name="pytest tests"><testsuite name="pytest" errors="0" failures="0" skipped="0" tests="16" time="5.269" timestamp="2026-01-12T09:41:18.371899+00:00" hostname="agent-env-e2a36724-f28c-4820-8f2e-56db1ae8318b"><testcase classname="tests.test_todo_and_suggestions.TestAuthentication" name="test_admin_login" time="0.297" /><testcase classname="tests.test_todo_and_suggestions.TestAuthentication" name="test_staff_login" time="0.267" /><testcase classname="tests.test_todo_and_suggestions.TestTodoScheduling" name="test_create_todo_one_time" time="0.353" /><testcase classname="tests.test_todo_and_suggestions.TestTodoScheduling" name="test_create_todo_daily_schedule" time="0.280" /><testcase classname="tests.test_todo_and_suggestions.TestTodoScheduling" name="test_create_todo_weekly_schedule" time="0.273" /><testcase classname="tests.test_todo_and_suggestions.TestTodoScheduling" name="test_create_todo_monthly_schedule" time="0.277" /><testcase classname="tests.test_todo_and_suggestions.TestTodoScheduling" name="test_get_all_todos" time="0.274" /><testcase classname="tests.test_todo_and_suggestions.TestTodoScheduling" name="test_update_todo_schedule" time="0.283" /><testcase classname="tests.test_todo_and_suggestions.TestTodoScheduling" name="test_complete_and_verify_todo" time="0.331" /><testcase classname="tests.test_todo_and_suggestions.TestTodoScheduling" name="test_delete_todo" time="0.371" /><testcase classname="tests.test_todo_and_suggestions.TestBookingSuggestions" name="test_get_booking_suggestions" time="0.278" /><testcase classname="tests.test_todo_and_suggestions.TestBookingSuggestions" name="test_suggestions_exclude_blocked_cars" time="0.284" /><testcase classname="tests.test_todo_and_suggestions.TestBookingSuggestions" name="test_suggestions_show_free_time_slots" time="0.275" /><testcase classname="tests.test_todo_and_suggestions.TestStaffTodoAccess" name="test_staff_cannot_access_todos" time="0.347" /><testcase classname="tests.test_todo_and_suggestions.TestStaffTodoAccess" name="test_staff_cannot_create_todos" time="0.307" /><testcase classname="tests.test_todo_and_suggestions.TestCleanup" name="test_cleanup_test_todos" time="0.566" /></testsuite></testsuites>