<?xml version="1.0" encoding="utf-8"?><testsuites name="pytest tests"><testsuite name="pytest" errors="0" failures="0" skipped="0" tests="22" time="4.274" timestamp="2026-09-23T18:21:26.132495+00:00" hostname="agent-env-502cbf0c-cceb-4ecf-b8cd-ade4bbd89c7b"><testcase classname="backend.tests.test_bulk_tracker_setup_isolated" name="test_parse_csv_utf8_bom_and_leading_zeroes" time="0.002" /><testcase classname="backend.tests.test_bulk_tracker_setup_isolated" name="test_parse_csv_rejects_extra_headers" time="0.001" /><testcase classname="backend.tests.test_bulk_tracker_setup_isolated" name="test_create_review_validation_and_conflicts" time="0.062" /><testcase classname="backend.tests.test_bulk_tracker_setup_isolated" name="test_create_review_idempotent_same_csv_returns_same_batch" time="0.045" /><testcase classname="backend.tests.test_bulk_tracker_setup_isolated" name="test_review_invalid_never_inserts_claims_or_trackers" time="0.048" /><testcase classname="backend.tests.test_bulk_tracker_setup_isolated" name="test_activate_requires_configured_and_blocks_outbound" time="0.048" /><testcase classname="backend.tests.test_bulk_tracker_setup_isolated" name="test_activate_conflict_releases_claims" time="0.100" /><testcase classname="backend.tests.test_bulk_tracker_setup_isolated" name="test_activate_idempotent_double_call" time="0.065" /><testcase classname="backend.tests.test_tracker_setup_worker_isolated" name="test_worker_enabled_sim_does_not_activate_again" time="0.055" /><testcase classname="backend.tests.test_tracker_setup_worker_isolated" name="test_worker_disabled_sim_put_once_then_enabled" time="0.052" /><testcase classname="backend.tests.test_tracker_setup_worker_isolated" name="test_worker_delivery_progress_to_configured_without_resend" time="0.060" /><testcase classname="backend.tests.test_tracker_setup_worker_isolated" name="test_worker_failed_second_sms_stops_later_messages" time="0.054" /><testcase classname="backend.tests.test_tracker_setup_worker_isolated" name="test_worker_retry_resumes_failed_and_unsent_not_delivered_or_pending" time="0.051" /><testcase classname="backend.tests.test_tracker_setup_worker_isolated" name="test_worker_ambiguous_uncertain_match_refuses_resend" time="0.048" /><testcase classname="backend.tests.test_onence_client_unit" name="test_not_configured_blocks_without_env" time="0.001" /><testcase classname="backend.tests.test_onence_client_unit" name="test_token_uses_basic_auth_and_client_credentials" time="0.001" /><testcase classname="backend.tests.test_onence_client_unit" name="test_activate_sim_put_payload_exact" time="0.001" /><testcase classname="backend.tests.test_onence_client_unit" name="test_send_sms_requires_201_and_valid_location" time="0.001" /><testcase classname="backend.tests.test_bulk_tracker_setup_auth_live" name="test_bulk_requires_auth" time="0.157" /><testcase classname="backend.tests.test_bulk_tracker_setup_auth_live" name="test_superadmin_can_access_bulk_list_and_template" time="0.781" /><testcase classname="backend.tests.test_bulk_tracker_setup_auth_live" name="test_victim_admin_denied_all_bulk_endpoints" time="1.349" /><testcase classname="backend.tests.test_bulk_tracker_setup_auth_live" name="test_crafted_x_tenant_header_cannot_escape" time="0.817" /></testsuite></testsuites>