<?xml version="1.0" encoding="utf-8"?><testsuites name="pytest tests"><testsuite name="pytest" errors="0" failures="1" skipped="0" tests="15" time="2.672" timestamp="2026-03-04T08:11:57.540470+00:00" hostname="agent-env-dbcbb655-c204-4308-b2cb-e7bd3aebcebd"><testcase classname="backend.tests.test_new_features.TestAPIHealth" name="test_api_root_accessible" time="0.292" /><testcase classname="backend.tests.test_new_features.TestAuthentication" name="test_admin_login_success" time="0.299" /><testcase classname="backend.tests.test_new_features.TestAuthentication" name="test_staff_login_success" time="0.278" /><testcase classname="backend.tests.test_new_features.TestVehiclesAPI" name="test_get_vehicles_requires_auth" time="0.108" /><testcase classname="backend.tests.test_new_features.TestVehiclesAPI" name="test_get_vehicles_as_admin" time="0.335" /><testcase classname="backend.tests.test_new_features.TestVehiclesAPI" name="test_get_vehicles_as_staff" time="0.356" /><testcase classname="backend.tests.test_new_features.TestBookingsAPI" name="test_get_bookings_requires_auth" time="0.112" /><testcase classname="backend.tests.test_new_features.TestBookingsAPI" name="test_get_bookings_as_admin" time="0.056" /><testcase classname="backend.tests.test_new_features.TestBookingsAPI" name="test_get_bookings_as_staff" time="0.055" /><testcase classname="backend.tests.test_new_features.TestBookingsAPI" name="test_create_booking_with_recurring_flag" time="0.166" /><testcase classname="backend.tests.test_new_features.TestLiftRequestsAPI" name="test_get_lift_requests_as_staff" time="0.058" /><testcase classname="backend.tests.test_new_features.TestLiftRequestsAPI" name="test_create_lift_request_as_staff" time="0.116" /><testcase classname="backend.tests.test_new_features.TestTenantUsersAPI" name="test_get_tenant_users_admin_only" time="0.113"><failure message="assert 200 in [401, 403]&#10; +  where 200 = &lt;Response [200]&gt;.status_code">backend/tests/test_new_features.py:287: in test_get_tenant_users_admin_only
    assert staff_response.status_code in [401, 403]
E   assert 200 in [401, 403]
E    +  where 200 = &lt;Response [200]&gt;.status_code</failure></testcase><testcase classname="backend.tests.test_new_features.TestFleetStatusData" name="test_fleet_status_data_structure" time="0.052" /><testcase classname="backend.tests.test_new_features.TestCalendarDataStructure" name="test_booking_has_calendar_fields" time="0.056" /></testsuite></testsuites>