<?xml version="1.0" encoding="utf-8"?><testsuites name="pytest tests"><testsuite name="pytest" errors="0" failures="0" skipped="0" tests="15" time="5.316" timestamp="2026-03-04T08:29:30.160040+00:00" hostname="agent-env-dbcbb655-c204-4308-b2cb-e7bd3aebcebd"><testcase classname="backend.tests.test_qr_code_features.TestQRCodeFeatures" name="test_01_api_accessible" time="0.256" /><testcase classname="backend.tests.test_qr_code_features.TestQRCodeFeatures" name="test_02_admin_login" time="0.344" /><testcase classname="backend.tests.test_qr_code_features.TestQRCodeFeatures" name="test_03_staff_login" time="0.334" /><testcase classname="backend.tests.test_qr_code_features.TestQRCodeFeatures" name="test_04_get_vehicle_details" time="0.426" /><testcase classname="backend.tests.test_qr_code_features.TestQRCodeFeatures" name="test_05_scan_update_status_free" time="0.393" /><testcase classname="backend.tests.test_qr_code_features.TestQRCodeFeatures" name="test_06_scan_update_status_in_use" time="0.413" /><testcase classname="backend.tests.test_qr_code_features.TestQRCodeFeatures" name="test_07_scan_update_status_needs_cleaning" time="0.396" /><testcase classname="backend.tests.test_qr_code_features.TestQRCodeFeatures" name="test_08_scan_update_status_needs_repair" time="0.383" /><testcase classname="backend.tests.test_qr_code_features.TestQRCodeFeatures" name="test_09_get_status_history" time="0.382" /><testcase classname="backend.tests.test_qr_code_features.TestQRCodeFeatures" name="test_10_scan_update_without_mileage" time="0.394" /><testcase classname="backend.tests.test_qr_code_features.TestQRCodeFeatures" name="test_11_scan_update_invalid_vehicle" time="0.381" /><testcase classname="backend.tests.test_qr_code_features.TestQRCodeFeatures" name="test_12_scan_update_requires_auth" time="0.108" /><testcase classname="backend.tests.test_qr_code_features.TestQRCodeFeatures" name="test_13_status_history_requires_auth" time="0.105" /><testcase classname="backend.tests.test_qr_code_features.TestQRCodeFeatures" name="test_14_vehicle_has_qr_fields" time="0.415" /><testcase classname="backend.tests.test_qr_code_features.TestQRCodeFeatures" name="test_15_reset_vehicle_to_free" time="0.398" /></testsuite></testsuites>