<?xml version="1.0" encoding="utf-8"?><testsuites name="pytest tests"><testsuite name="pytest" errors="0" failures="5" skipped="0" tests="34" time="19.242" timestamp="2026-03-05T20:03:58.318866+00:00" hostname="agent-env-1bb3e748-1ff8-445b-b2fa-09b6e601a993"><testcase classname="backend.tests.test_comprehensive_platform.TestSuperAdminLogin" name="test_super_admin_login_success" time="0.707" /><testcase classname="backend.tests.test_comprehensive_platform.TestSuperAdminLogin" name="test_super_admin_login_invalid_password" time="0.384" /><testcase classname="backend.tests.test_comprehensive_platform.TestPlatformOverview" name="test_platform_stats" time="0.553" /><testcase classname="backend.tests.test_comprehensive_platform.TestTenantsManagement" name="test_list_tenants" time="0.495" /><testcase classname="backend.tests.test_comprehensive_platform.TestTenantsManagement" name="test_create_tenant" time="0.769" /><testcase classname="backend.tests.test_comprehensive_platform.TestTenantsManagement" name="test_get_tenant_details" time="0.589" /><testcase classname="backend.tests.test_comprehensive_platform.TestTenantsManagement" name="test_impersonate_tenant" time="0.855" /><testcase classname="backend.tests.test_comprehensive_platform.TestTenantsManagement" name="test_suspend_reactivate_tenant" time="1.200" /><testcase classname="backend.tests.test_comprehensive_platform.TestUsersManagement" name="test_list_all_users" time="0.466" /><testcase classname="backend.tests.test_comprehensive_platform.TestUsersManagement" name="test_create_user" time="0.804" /><testcase classname="backend.tests.test_comprehensive_platform.TestUsersManagement" name="test_get_user_details" time="0.591" /><testcase classname="backend.tests.test_comprehensive_platform.TestReportsAndBilling" name="test_executive_summary" time="0.472" /><testcase classname="backend.tests.test_comprehensive_platform.TestReportsAndBilling" name="test_franchises_report" time="0.477" /><testcase classname="backend.tests.test_comprehensive_platform.TestReportsAndBilling" name="test_create_invoice" time="0.632" /><testcase classname="backend.tests.test_comprehensive_platform.TestReportsAndBilling" name="test_list_invoices" time="0.602" /><testcase classname="backend.tests.test_comprehensive_platform.TestReportsAndBilling" name="test_download_invoice_pdf" time="0.598" /><testcase classname="backend.tests.test_comprehensive_platform.TestAuditLog" name="test_view_audit_logs" time="0.508" /><testcase classname="backend.tests.test_comprehensive_platform.TestCompanySettings" name="test_get_company_settings" time="0.506" /><testcase classname="backend.tests.test_comprehensive_platform.TestFranchiseAdminLogin" name="test_franchise_admin_login" time="0.336" /><testcase classname="backend.tests.test_comprehensive_platform.TestTenantDashboard" name="test_get_vehicles" time="0.448" /><testcase classname="backend.tests.test_comprehensive_platform.TestTenantDashboard" name="test_get_bookings" time="0.536" /><testcase classname="backend.tests.test_comprehensive_platform.TestTenantDashboard" name="test_get_team_members" time="0.478" /><testcase classname="backend.tests.test_comprehensive_platform.TestTenantDashboard" name="test_tenant_reports_summary" time="0.481" /><testcase classname="backend.tests.test_comprehensive_platform.TestTenantDashboard" name="test_fleet_reports_daily_availability" time="0.441"><failure message="AssertionError: Failed to get daily availability: {&quot;detail&quot;:&quot;Not Found&quot;}&#10;assert 404 == 200&#10; +  where 404 = &lt;Response [404]&gt;.status_code">backend/tests/test_comprehensive_platform.py:514: in test_fleet_reports_daily_availability
    assert response.status_code == 200, f"Failed to get daily availability: {response.text}"
E   AssertionError: Failed to get daily availability: {"detail":"Not Found"}
E   assert 404 == 200
E    +  where 404 = &lt;Response [404]&gt;.status_code</failure></testcase><testcase classname="backend.tests.test_comprehensive_platform.TestTenantDashboard" name="test_daily_timeline" time="0.451"><failure message="AssertionError: assert 'hours' in {'available_fleet': 0, 'blocked_vehicles': 0, 'date': '2026-03-05', 'generated_at': '2026-03-05T20:04:12.852319+00:00', ...}">backend/tests/test_comprehensive_platform.py:527: in test_daily_timeline
    assert "hours" in data
E   AssertionError: assert 'hours' in {'available_fleet': 0, 'blocked_vehicles': 0, 'date': '2026-03-05', 'generated_at': '2026-03-05T20:04:12.852319+00:00', ...}</failure></testcase><testcase classname="backend.tests.test_comprehensive_platform.TestTenantDashboard" name="test_announcements" time="0.642" /><testcase classname="backend.tests.test_comprehensive_platform.TestTenantDashboard" name="test_qr_code_generation" time="0.492" /><testcase classname="backend.tests.test_comprehensive_platform.TestTenantDashboard" name="test_block_vehicle" time="0.470" /><testcase classname="backend.tests.test_comprehensive_platform.TestTenantDashboard" name="test_csv_export" time="0.447" /><testcase classname="backend.tests.test_comprehensive_platform.TestTenantDashboard" name="test_pdf_export" time="0.519" /><testcase classname="backend.tests.test_comprehensive_platform.TestVehicleManagement" name="test_add_vehicle" time="0.537"><failure message="KeyError: 'name'">backend/tests/test_comprehensive_platform.py:649: in test_add_vehicle
    assert data["name"] == vehicle_data["name"]
           ^^^^^^^^^^^^
E   KeyError: 'name'</failure></testcase><testcase classname="backend.tests.test_comprehensive_platform.TestVehicleManagement" name="test_edit_vehicle" time="0.465"><failure message="KeyError: 'id'">backend/tests/test_comprehensive_platform.py:665: in test_edit_vehicle
    vehicle_id = create_response.json()["id"]
                 ^^^^^^^^^^^^^^^^^^^^^^^^^^^^
E   KeyError: 'id'</failure></testcase><testcase classname="backend.tests.test_comprehensive_platform.TestVehicleManagement" name="test_delete_vehicle" time="0.457"><failure message="KeyError: 'id'">backend/tests/test_comprehensive_platform.py:684: in test_delete_vehicle
    vehicle_id = create_response.json()["id"]
                 ^^^^^^^^^^^^^^^^^^^^^^^^^^^^
E   KeyError: 'id'</failure></testcase><testcase classname="backend.tests.test_comprehensive_platform.TestBookingManagement" name="test_create_booking" time="0.609" /></testsuite></testsuites>