<?xml version="1.0" encoding="utf-8"?><testsuites name="pytest tests"><testsuite name="pytest" errors="0" failures="0" skipped="0" tests="9" time="6.717" timestamp="2026-07-26T10:52:34.571160+00:00" hostname="agent-env-502cbf0c-cceb-4ecf-b8cd-ade4bbd89c7b"><testcase classname="backend.tests.test_gps_settings_phase1.TestCreateTenantGpsFlag" name="test_gps_enabled_omitted_defaults_false" time="1.065" /><testcase classname="backend.tests.test_gps_settings_phase1.TestCreateTenantGpsFlag" name="test_gps_enabled_true_seeds_defaults" time="0.363" /><testcase classname="backend.tests.test_gps_settings_phase1.TestTenantSettingsGpsBlock" name="test_get_settings_default_gps_block" time="0.547" /><testcase classname="backend.tests.test_gps_settings_phase1.TestUpdateGpsSettings" name="test_enable_seeds_defaults" time="0.643" /><testcase classname="backend.tests.test_gps_settings_phase1.TestUpdateGpsSettings" name="test_partial_update_without_toggling" time="0.561" /><testcase classname="backend.tests.test_gps_settings_phase1.TestUpdateGpsSettings" name="test_disable_retains_overrides" time="0.635" /><testcase classname="backend.tests.test_gps_settings_phase1.TestUpdateGpsSettings" name="test_clamping_low" time="0.525" /><testcase classname="backend.tests.test_gps_settings_phase1.TestUpdateGpsSettings" name="test_clamping_high" time="0.528" /><testcase classname="backend.tests.test_gps_settings_phase1.TestAdminOnly" name="test_staff_gets_403" time="1.787" /></testsuite></testsuites>