<?xml version="1.0" encoding="utf-8"?><testsuites name="pytest tests"><testsuite name="pytest" errors="0" failures="2" skipped="0" tests="13" time="7.713" timestamp="2026-03-16T21:26:59.764325+00:00" hostname="agent-env-d14e0417-62a2-41f5-8b7c-8333193602d5"><testcase classname="backend.tests.test_plan_features_overrides.TestPlanConfigurations" name="test_get_plan_configurations" time="0.236" /><testcase classname="backend.tests.test_plan_features_overrides.TestPlanConfigurations" name="test_plan_features_structure" time="0.183"><failure message="AssertionError: Plan standard missing feature key: basic_fleet_management&#10;assert 'basic_fleet_management' in {'admin_all_cars_calendar': True, 'basic_reports': True, 'booking_admin_control': False, 'booking_visibility_enhanced': False, ...}">backend/tests/test_plan_features_overrides.py:68: in test_plan_features_structure
    assert key in plan["features"], f"Plan {plan['id']} missing feature key: {key}"
E   AssertionError: Plan standard missing feature key: basic_fleet_management
E   assert 'basic_fleet_management' in {'admin_all_cars_calendar': True, 'basic_reports': True, 'booking_admin_control': False, 'booking_visibility_enhanced': False, ...}</failure></testcase><testcase classname="backend.tests.test_plan_features_overrides.TestPlanConfigurations" name="test_plan_limits_structure" time="0.219" /><testcase classname="backend.tests.test_plan_features_overrides.TestSuperAdminAuth" name="test_super_admin_login" time="0.368" /><testcase classname="backend.tests.test_plan_features_overrides.TestTenantListWithUsage" name="test_tenants_list_includes_usage_counts" time="0.517" /><testcase classname="backend.tests.test_plan_features_overrides.TestTenantFeatures" name="test_get_tenant_features" time="0.751" /><testcase classname="backend.tests.test_plan_features_overrides.TestPlanChange" name="test_change_plan_to_essential" time="0.720" /><testcase classname="backend.tests.test_plan_features_overrides.TestPlanChange" name="test_change_plan_invalid" time="0.725" /><testcase classname="backend.tests.test_plan_features_overrides.TestCustomizationCredits" name="test_use_customization_credit" time="0.797" /><testcase classname="backend.tests.test_plan_features_overrides.TestCustomizationCredits" name="test_reset_customization_credits" time="0.662" /><testcase classname="backend.tests.test_plan_features_overrides.TestFeatureOverrides" name="test_update_feature_overrides" time="0.836" /><testcase classname="backend.tests.test_plan_features_overrides.TestFeatureOverrides" name="test_update_limit_overrides" time="0.846" /><testcase classname="backend.tests.test_plan_features_overrides.TestFeatureGating" name="test_my_plan_returns_features" time="0.631"><failure message="AssertionError: assert 'basic_fleet_management' in {'admin_all_cars_calendar': True, 'basic_reports': True, 'booking_admin_control': False, 'booking_visibility_enhanced': False, ...}">backend/tests/test_plan_features_overrides.py:450: in test_my_plan_returns_features
    assert "basic_fleet_management" in features
E   AssertionError: assert 'basic_fleet_management' in {'admin_all_cars_calendar': True, 'basic_reports': True, 'booking_admin_control': False, 'booking_visibility_enhanced': False, ...}</failure></testcase></testsuite></testsuites>