<?xml version="1.0" encoding="utf-8"?><testsuites name="pytest tests"><testsuite name="pytest" errors="0" failures="0" skipped="1" tests="10" time="6.829" timestamp="2026-04-07T23:25:06.745008+00:00" hostname="agent-env-502cbf0c-cceb-4ecf-b8cd-ade4bbd89c7b"><testcase classname="backend.tests.test_qr_mileage.TestAuthentication" name="test_staff_login" time="2.082" /><testcase classname="backend.tests.test_qr_mileage.TestAuthentication" name="test_super_admin_login" time="0.358" /><testcase classname="backend.tests.test_qr_mileage.TestQRCodeEndpoint" name="test_qr_code_endpoint_returns_png" time="0.743" /><testcase classname="backend.tests.test_qr_mileage.TestQRCodeEndpoint" name="test_qr_code_with_test_vehicle" time="0.570" /><testcase classname="backend.tests.test_qr_mileage.TestPublicMileageEndpoints" name="test_public_vehicle_info_endpoint" time="0.758" /><testcase classname="backend.tests.test_qr_mileage.TestPublicMileageEndpoints" name="test_public_vehicle_info_with_test_vehicle" time="0.119" /><testcase classname="backend.tests.test_qr_mileage.TestPublicMileageEndpoints" name="test_public_mileage_submission_without_auth" time="0.695" /><testcase classname="backend.tests.test_qr_mileage.TestPublicMileageEndpoints" name="test_mileage_validation_rejects_lower_value" time="0.732" /><testcase classname="backend.tests.test_qr_mileage.TestServiceAlerts" name="test_service_alert_triggers_when_approaching_due" time="0.671"><skipped type="pytest.skip" message="Could not submit test mileage">/app/backend/tests/test_qr_mileage.py:389: Could not submit test mileage</skipped></testcase><testcase classname="backend.tests.test_qr_mileage.TestPublicMileagePageRoute" name="test_mileage_page_url_format" time="0.000" /></testsuite></testsuites>