<?xml version="1.0" encoding="utf-8"?><testsuites name="pytest tests"><testsuite name="pytest" errors="0" failures="0" skipped="0" tests="20" time="10.044" timestamp="2026-07-26T13:01:41.714927+00:00" hostname="agent-env-502cbf0c-cceb-4ecf-b8cd-ade4bbd89c7b"><testcase classname="tests.test_sinotrack_phase2.TestSinoTrackClient" name="test_login_moving_device" time="0.747" /><testcase classname="tests.test_sinotrack_phase2.TestSinoTrackClient" name="test_login_invalid_password" time="0.286" /><testcase classname="tests.test_sinotrack_phase2.TestSinoTrackClient" name="test_fetch_position_moving" time="0.286" /><testcase classname="tests.test_sinotrack_phase2.TestSinoTrackClient" name="test_fetch_position_stopped_has_voltage" time="0.285" /><testcase classname="tests.test_sinotrack_phase2.TestTrackerDeviceCRUD" name="test_register_requires_gps_enabled" time="1.272" /><testcase classname="tests.test_sinotrack_phase2.TestTrackerDeviceCRUD" name="test_imei_validation" time="1.271" /><testcase classname="tests.test_sinotrack_phase2.TestTrackerDeviceCRUD" name="test_register_success_and_verified_flag" time="0.464" /><testcase classname="tests.test_sinotrack_phase2.TestTrackerDeviceCRUD" name="test_duplicate_imei_same_tenant_409" time="0.104" /><testcase classname="tests.test_sinotrack_phase2.TestTrackerDeviceCRUD" name="test_car_already_tracked_409" time="0.204" /><testcase classname="tests.test_sinotrack_phase2.TestTrackerDeviceCRUD" name="test_list_scoped_to_tenant" time="1.067" /><testcase classname="tests.test_sinotrack_phase2.TestTrackerDeviceCRUD" name="test_same_imei_allowed_across_tenants" time="0.401" /><testcase classname="tests.test_sinotrack_phase2.TestTrackerDeviceCRUD" name="test_patch_label_and_deactivate" time="0.100" /><testcase classname="tests.test_sinotrack_phase2.TestTrackerDeviceCRUD" name="test_delete" time="0.205" /><testcase classname="tests.test_sinotrack_phase2.TestPositionsAndIsolation" name="test_test_fleet_positions_populated" time="0.606" /><testcase classname="tests.test_sinotrack_phase2.TestPositionsAndIsolation" name="test_car_position_endpoint" time="0.633" /><testcase classname="tests.test_sinotrack_phase2.TestPositionsAndIsolation" name="test_car_position_404_for_unknown_car" time="0.535" /><testcase classname="tests.test_sinotrack_phase2.TestPositionsAndIsolation" name="test_isolation_tenant_b_no_positions" time="0.123" /><testcase classname="tests.test_sinotrack_phase2.TestPollerHistoryRule" name="test_moving_vs_stationary_history_counts" time="0.071" /><testcase classname="tests.test_sinotrack_phase2.TestPollerHistoryRule" name="test_direct_poller_call_upserts_position" time="0.981" /><testcase classname="tests.test_sinotrack_phase2.TestPollerLifecycle" name="test_start_attaches_master_job" time="0.325" /></testsuite></testsuites>