<?xml version="1.0" encoding="utf-8"?><testsuites name="pytest tests"><testsuite name="pytest" errors="0" failures="0" skipped="0" tests="12" time="38.797" timestamp="2026-05-05T18:49:05.341981+00:00" hostname="agent-env-502cbf0c-cceb-4ecf-b8cd-ade4bbd89c7b"><testcase classname="backend.tests.test_session_features.TestDocumentTemplates" name="test_list_seeds_fuel_log" time="0.906" /><testcase classname="backend.tests.test_session_features.TestDocumentTemplates" name="test_create_update_delete_template" time="0.667" /><testcase classname="backend.tests.test_session_features.TestDocumentSubmissions" name="test_submission_required_validation" time="1.034" /><testcase classname="backend.tests.test_session_features.TestDocumentSubmissions" name="test_submission_create_and_filter" time="0.651" /><testcase classname="backend.tests.test_session_features.TestDocumentSubmissions" name="test_fuel_analytics" time="30.317" /><testcase classname="backend.tests.test_session_features.TestActivation" name="test_create_user_returns_email_status" time="0.910" /><testcase classname="backend.tests.test_session_features.TestActivation" name="test_bulk_import_returns_counts" time="1.016" /><testcase classname="backend.tests.test_session_features.TestActivation" name="test_activate_invalid_token" time="0.262" /><testcase classname="backend.tests.test_session_features.TestActivation" name="test_activate_full_flow" time="2.006" /><testcase classname="backend.tests.test_session_features.TestLegalRecords" name="test_get_legal_super_admin" time="0.139" /><testcase classname="backend.tests.test_session_features.TestLegalRecords" name="test_put_legal_records_round_trip" time="0.320" /><testcase classname="backend.tests.test_session_features.TestLegalRecords" name="test_legal_records_forbidden_for_non_super" time="0.490" /></testsuite></testsuites>