<?xml version="1.0" encoding="utf-8"?><testsuites name="pytest tests"><testsuite name="pytest" errors="0" failures="0" skipped="0" tests="10" time="7.369" timestamp="2026-05-11T10:52:05.215277+00:00" hostname="agent-env-502cbf0c-cceb-4ecf-b8cd-ade4bbd89c7b"><testcase classname="backend.tests.test_invite_resend_and_gdpr.TestTenantUserManagement" name="test_create_staff_writes_to_memberships" time="1.244" /><testcase classname="backend.tests.test_invite_resend_and_gdpr.TestTenantUserManagement" name="test_resend_invitation_returns_200" time="0.537" /><testcase classname="backend.tests.test_invite_resend_and_gdpr.TestTenantUserManagement" name="test_resend_invitation_for_bogus_user_returns_404" time="0.113" /><testcase classname="backend.tests.test_invite_resend_and_gdpr.TestTenantUserManagement" name="test_reset_password_round_trip" time="0.912" /><testcase classname="backend.tests.test_invite_resend_and_gdpr.TestTenantUserManagement" name="test_reset_password_wrong_admin_password_returns_401" time="0.340" /><testcase classname="backend.tests.test_invite_resend_and_gdpr.TestTenantIsolation" name="test_resend_invitation_from_different_tenant_returns_404" time="0.214" /><testcase classname="backend.tests.test_invite_resend_and_gdpr.TestTenantIsolation" name="test_reset_password_from_different_tenant_returns_404" time="0.409" /><testcase classname="backend.tests.test_invite_resend_and_gdpr.TestGDPREndpoints" name="test_data_export" time="1.134" /><testcase classname="backend.tests.test_invite_resend_and_gdpr.TestGDPREndpoints" name="test_record_consent" time="1.185" /><testcase classname="backend.tests.test_invite_resend_and_gdpr.TestGDPREndpoints" name="test_delete_account" time="1.231" /></testsuite></testsuites>