<?xml version="1.0" encoding="utf-8"?><testsuites name="pytest tests"><testsuite name="pytest" errors="0" failures="0" skipped="0" tests="5" time="7.406" timestamp="2026-09-07T20:06:22.345051+00:00" hostname="agent-env-502cbf0c-cceb-4ecf-b8cd-ade4bbd89c7b"><testcase classname="backend.tests.test_tour_and_storage" name="test_tenant_logo_upload_and_roundtrip" time="1.299" /><testcase classname="backend.tests.test_tour_and_storage" name="test_content_worker_asset_upload_and_roundtrip" time="1.058" /><testcase classname="backend.tests.test_tour_and_storage" name="test_tour_narration_returns_url_and_audio" time="2.986" /><testcase classname="backend.tests.test_tour_and_storage" name="test_tour_narration_cache_same_text_same_url" time="0.354" /><testcase classname="backend.tests.test_tour_and_storage" name="test_tour_narration_different_text_different_url" time="1.637" /></testsuite></testsuites>